[    0.000000] Initializing cgroup subsys cpuset
[    0.000000] Initializing cgroup subsys cpu
[    0.000000] Initializing cgroup subsys cpuacct
[    0.000000] Linux version 4.4.0-210-generic (buildd@lgw01-amd64-009) (gcc version 5.4.0 20160609 (Ubuntu 5.4.0-6ubuntu1~16.04.12) ) #242-Ubuntu SMP Fri Apr 16 09:57:56 UTC 2021 (Ubuntu 4.4.0-210.242-generic 4.4.262)
[    0.000000] Command line: BOOT_IMAGE=/boot/vmlinuz-4.4.0-210-generic root=LABEL=cloudimg-rootfs ro console=tty1 console=ttyS0
[    0.000000] KERNEL supported cpus:
[    0.000000]   Intel GenuineIntel
[    0.000000]   AMD AuthenticAMD
[    0.000000]   Centaur CentaurHauls
[    0.000000] x86/fpu: Legacy x87 FPU detected.
[    0.000000] e820: BIOS-provided physical RAM map:
[    0.000000] BIOS-e820: [mem 0x0000000000000000-0x000000000009fbff] usable
[    0.000000] BIOS-e820: [mem 0x000000000009fc00-0x000000000009ffff] reserved
[    0.000000] BIOS-e820: [mem 0x00000000000f0000-0x00000000000fffff] reserved
[    0.000000] BIOS-e820: [mem 0x0000000000100000-0x000000003ffeffff] usable
[    0.000000] BIOS-e820: [mem 0x000000003fff0000-0x000000003fffffff] ACPI data
[    0.000000] BIOS-e820: [mem 0x00000000fec00000-0x00000000fec00fff] reserved
[    0.000000] BIOS-e820: [mem 0x00000000fee00000-0x00000000fee00fff] reserved
[    0.000000] BIOS-e820: [mem 0x00000000fffc0000-0x00000000ffffffff] reserved
[    0.000000] NX (Execute Disable) protection: active
[    0.000000] SMBIOS 2.5 present.
[    0.000000] Hypervisor detected: KVM
[    0.000000] e820: last_pfn = 0x3fff0 max_arch_pfn = 0x400000000
[    0.000000] MTRR: Disabled
[    0.000000] x86/PAT: MTRRs disabled, skipping PAT initialization too.
[    0.000000] CPU MTRRs all blank - virtualized system.
[    0.000000] x86/PAT: Configuration [0-7]: WB  WT  UC- UC  WB  WT  UC- UC  
[    0.000000] found SMP MP-table at [mem 0x0009fff0-0x0009ffff] mapped at [ffff88000009fff0]
[    0.000000] Scanning 1 areas for low memory corruption
[    0.000000] RAMDISK: [mem 0x362dc000-0x37165fff]
[    0.000000] ACPI: Early table checksum verification disabled
[    0.000000] ACPI: RSDP 0x00000000000E0000 000024 (v02 VBOX  )
[    0.000000] ACPI: XSDT 0x000000003FFF0030 00003C (v01 VBOX   VBOXXSDT 00000001 ASL  00000061)
[    0.000000] ACPI: FACP 0x000000003FFF00F0 0000F4 (v04 VBOX   VBOXFACP 00000001 ASL  00000061)
[    0.000000] ACPI: DSDT 0x000000003FFF0610 002353 (v02 VBOX   VBOXBIOS 00000002 INTL 20100528)
[    0.000000] ACPI: FACS 0x000000003FFF0200 000040
[    0.000000] ACPI: FACS 0x000000003FFF0200 000040
[    0.000000] ACPI: APIC 0x000000003FFF0240 000054 (v02 VBOX   VBOXAPIC 00000001 ASL  00000061)
[    0.000000] ACPI: SSDT 0x000000003FFF02A0 00036C (v01 VBOX   VBOXCPUT 00000002 INTL 20100528)
[    0.000000] No NUMA configuration found
[    0.000000] Faking a node at [mem 0x0000000000000000-0x000000003ffeffff]
[    0.000000] NODE_DATA(0) allocated [mem 0x3ffeb000-0x3ffeffff]
[    0.000000] kvm-clock: Using msrs 4b564d01 and 4b564d00
[    0.000000] kvm-clock: cpu 0, msr 0:3ffe3001, primary cpu clock
[    0.000000] kvm-clock: using sched offset of 4380473905 cycles
[    0.000000] clocksource: kvm-clock: mask: 0xffffffffffffffff max_cycles: 0x1cd42e4dffb, max_idle_ns: 881590591483 ns
[    0.000000] Zone ranges:
[    0.000000]   DMA      [mem 0x0000000000001000-0x0000000000ffffff]
[    0.000000]   DMA32    [mem 0x0000000001000000-0x000000003ffeffff]
[    0.000000]   Normal   empty
[    0.000000]   Device   empty
[    0.000000] Movable zone start for each node
[    0.000000] Early memory node ranges
[    0.000000]   node   0: [mem 0x0000000000001000-0x000000000009efff]
[    0.000000]   node   0: [mem 0x0000000000100000-0x000000003ffeffff]
[    0.000000] Initmem setup node 0 [mem 0x0000000000001000-0x000000003ffeffff]
[    0.000000] ACPI: PM-Timer IO Port: 0x4008
[    0.000000] IOAPIC[0]: apic_id 1, version 32, address 0xfec00000, GSI 0-23
[    0.000000] ACPI: INT_SRC_OVR (bus 0 bus_irq 0 global_irq 2 dfl dfl)
[    0.000000] ACPI: INT_SRC_OVR (bus 0 bus_irq 9 global_irq 9 low level)
[    0.000000] Using ACPI (MADT) for SMP configuration information
[    0.000000] smpboot: Allowing 1 CPUs, 0 hotplug CPUs
[    0.000000] PM: Registered nosave memory: [mem 0x00000000-0x00000fff]
[    0.000000] PM: Registered nosave memory: [mem 0x0009f000-0x0009ffff]
[    0.000000] PM: Registered nosave memory: [mem 0x000a0000-0x000effff]
[    0.000000] PM: Registered nosave memory: [mem 0x000f0000-0x000fffff]
[    0.000000] e820: [mem 0x40000000-0xfebfffff] available for PCI devices
[    0.000000] Booting paravirtualized kernel on KVM
[    0.000000] clocksource: refined-jiffies: mask: 0xffffffff max_cycles: 0xffffffff, max_idle_ns: 7645519600211568 ns
[    0.000000] setup_percpu: NR_CPUS:512 nr_cpumask_bits:512 nr_cpu_ids:1 nr_node_ids:1
[    0.000000] PERCPU: Embedded 33 pages/cpu @ffff88003fc00000 s95192 r8192 d31784 u2097152
[    0.000000] Built 1 zonelists in Node order, mobility grouping on.  Total pages: 257912
[    0.000000] Policy zone: DMA32
[    0.000000] Kernel command line: BOOT_IMAGE=/boot/vmlinuz-4.4.0-210-generic root=LABEL=cloudimg-rootfs ro console=tty1 console=ttyS0
[    0.000000] PID hash table entries: 4096 (order: 3, 32768 bytes)
[    0.000000] Memory: 997924K/1048120K available (8644K kernel code, 1332K rwdata, 4044K rodata, 1492K init, 1164K bss, 50196K reserved, 0K cma-reserved)
[    0.000000] SLUB: HWalign=64, Order=0-3, MinObjects=0, CPUs=1, Nodes=1
[    0.000000] Kernel/User page tables isolation: enabled
[    0.000000] Hierarchical RCU implementation.
[    0.000000] 	Build-time adjustment of leaf fanout to 64.
[    0.000000] 	RCU restricting CPUs from NR_CPUS=512 to nr_cpu_ids=1.
[    0.000000] RCU: Adjusting geometry for rcu_fanout_leaf=64, nr_cpu_ids=1
[    0.000000] NR_IRQS:33024 nr_irqs:256 16
[    0.000000] Console: colour VGA+ 80x25
[    0.000000] console [tty1] enabled
[    0.000000] console [ttyS0] enabled
[    0.000000] tsc: Detected 2399.998 MHz processor
[    1.102775] Calibrating delay loop (skipped) preset value.. 4799.99 BogoMIPS (lpj=9599992)
[    1.129819] pid_max: default: 32768 minimum: 301
[    1.140562] ACPI: Core revision 20150930
[    1.151587] ACPI: 2 ACPI AML tables successfully acquired and loaded
[    1.170930] Security Framework initialized
[    1.185109] Yama: becoming mindful.
[    1.193633] AppArmor: AppArmor initialized
[    1.206011] Dentry cache hash table entries: 131072 (order: 8, 1048576 bytes)
[    1.233633] Inode-cache hash table entries: 65536 (order: 7, 524288 bytes)
[    1.259871] Mount-cache hash table entries: 2048 (order: 2, 16384 bytes)
[    1.282274] Mountpoint-cache hash table entries: 2048 (order: 2, 16384 bytes)
[    1.306253] Initializing cgroup subsys io
[    1.319001] Initializing cgroup subsys memory
[    1.333797] Initializing cgroup subsys devices
[    1.346928] Initializing cgroup subsys freezer
[    1.361920] Initializing cgroup subsys net_cls
[    1.375272] Initializing cgroup subsys perf_event
[    1.390587] Initializing cgroup subsys net_prio
[    1.405211] Initializing cgroup subsys hugetlb
[    1.414953] Initializing cgroup subsys pids
[    1.429999] mce: CPU supports 0 MCE banks
[    1.439831] Last level iTLB entries: 4KB 64, 2MB 8, 4MB 8
[    1.449825] Last level dTLB entries: 4KB 64, 2MB 0, 4MB 0, 1GB 4
[    1.465888] Spectre V1 : Mitigation: usercopy/swapgs barriers and __user pointer sanitization
[    1.488745] Spectre V2 : Mitigation: Full generic retpoline
[    1.499708] Spectre V2 : Spectre v2 / SpectreRSB mitigation: Filling RSB on context switch
[    1.517149] Speculative Store Bypass: Vulnerable
[    1.528358] SRBDS: Unknown: Dependent on hypervisor status
[    1.540285] MDS: Mitigation: Clear CPU buffers
[    1.963013] Freeing SMP alternatives memory: 36K
[    2.153733] ftrace: allocating 32380 entries in 127 pages
[    3.245316] smpboot: APIC(0) Converting physical 0 to logical package 0
[    3.272283] smpboot: Max logical packages: 1
[    3.310484] ..TIMER: vector=0x30 apic1=0 pin1=2 apic2=-1 pin2=-1
[    3.432989] smpboot: CPU0: Intel(R) Core(TM) i5-6200U CPU @ 2.30GHz (family: 0x6, model: 0x4e, stepping: 0x3)
[    3.457705] Performance Events: unsupported p6 CPU model 78 no PMU driver, software events only.
[    3.638286] KVM setup paravirtual spinlock
[    3.648967] x86: Booted up 1 node, 1 CPUs
[    3.657466] smpboot: Total of 1 processors activated (4799.99 BogoMIPS)
[    3.675527] devtmpfs: initialized
[    3.685363] evm: security.selinux
[    3.694114] evm: security.SMACK64
[    3.699994] evm: security.SMACK64EXEC
[    3.707138] evm: security.SMACK64TRANSMUTE
[    3.713778] evm: security.SMACK64MMAP
[    3.721142] evm: security.ima
[    3.727738] evm: security.capability
[    3.735050] clocksource: jiffies: mask: 0xffffffff max_cycles: 0xffffffff, max_idle_ns: 7645041785100000 ns
[    3.751412] futex hash table entries: 256 (order: 2, 16384 bytes)
[    3.762054] pinctrl core: initialized pinctrl subsystem
[    3.771942] RTC time: 20:34:53, date: 03/07/23
[    3.780678] NET: Registered protocol family 16
[    3.788915] cpuidle: using governor ladder
[    3.797441] cpuidle: using governor menu
[    3.804774] PCCT header not found.
[    3.811444] ACPI: bus type PCI registered
[    3.819346] acpiphp: ACPI Hot Plug PCI Controller Driver version: 0.5
[    3.830959] PCI: Using configuration type 1 for base access
[    3.843638] ACPI: Added _OSI(Module Device)
[    3.851494] ACPI: Added _OSI(Processor Device)
[    3.859732] ACPI: Added _OSI(3.0 _SCP Extensions)
[    3.867765] ACPI: Added _OSI(Processor Aggregator Device)
[    3.879235] ACPI: Executed 1 blocks of module-level executable AML code
[    3.896451] ACPI: Interpreter enabled
[    3.902701] ACPI: (supports S0 S5)
[    3.909376] ACPI: Using IOAPIC for interrupt routing
[    3.919426] PCI: Using host bridge windows from ACPI; if necessary, use "pci=nocrs" and report a bug
[    3.946883] ACPI: PCI Root Bridge [PCI0] (domain 0000 [bus 00-ff])
[    3.958328] acpi PNP0A03:00: _OSC: OS supports [ASPM ClockPM Segments MSI]
[    3.970869] acpi PNP0A03:00: _OSC: not requesting OS control; OS requires [ExtendedConfig ASPM ClockPM MSI]
[    3.989099] acpi PNP0A03:00: fail to add MMCONFIG information, can't access extended PCI configuration space under this bridge.
[    4.008943] PCI host bridge to bus 0000:00
[    4.015472] pci_bus 0000:00: root bus resource [io  0x0000-0x0cf7 window]
[    4.026885] pci_bus 0000:00: root bus resource [io  0x0d00-0xffff window]
[    4.038242] pci_bus 0000:00: root bus resource [mem 0x000a0000-0x000bffff window]
[    4.051386] pci_bus 0000:00: root bus resource [mem 0x40000000-0xfdffffff window]
[    4.065178] pci_bus 0000:00: root bus resource [bus 00-ff]
[    4.089077] pci 0000:00:01.1: legacy IDE quirk: reg 0x10: [io  0x01f0-0x01f7]
[    4.102703] pci 0000:00:01.1: legacy IDE quirk: reg 0x14: [io  0x03f6]
[    4.114397] pci 0000:00:01.1: legacy IDE quirk: reg 0x18: [io  0x0170-0x0177]
[    4.127942] pci 0000:00:01.1: legacy IDE quirk: reg 0x1c: [io  0x0376]
[    4.176398] pci 0000:00:07.0: quirk: [io  0x4000-0x403f] claimed by PIIX4 ACPI
[    4.188928] pci 0000:00:07.0: quirk: [io  0x4100-0x410f] claimed by PIIX4 SMB
[    4.220811] ACPI: PCI Interrupt Link [LNKA] (IRQs 5 9 10 *11)
[    4.238271] ACPI: PCI Interrupt Link [LNKB] (IRQs 5 9 *10 11)
[    4.253784] ACPI: PCI Interrupt Link [LNKC] (IRQs 5 *9 10 11)
[    4.268599] ACPI: PCI Interrupt Link [LNKD] (IRQs 5 9 10 *11)
[    4.283805] ACPI: Enabled 2 GPEs in block 00 to 07
[    4.295333] vgaarb: setting as boot device: PCI:0000:00:02.0
[    4.337873] vgaarb: device added: PCI:0000:00:02.0,decodes=io+mem,owns=io+mem,locks=none
[    4.351848] vgaarb: loaded
[    4.357870] vgaarb: bridge control possible 0000:00:02.0
[    4.367342] SCSI subsystem initialized
[    4.374981] ACPI: bus type USB registered
[    4.382181] usbcore: registered new interface driver usbfs
[    4.392313] usbcore: registered new interface driver hub
[    4.401804] usbcore: registered new device driver usb
[    4.411710] PCI: Using ACPI for IRQ routing
[    4.422560] NetLabel: Initializing
[    4.430101] NetLabel:  domain hash size = 128
[    4.437748] NetLabel:  protocols = UNLABELED CIPSOv4
[    4.446553] NetLabel:  unlabeled traffic allowed by default
[    4.458177] amd_nb: Cannot enumerate AMD northbridges
[    4.466709] clocksource: Switched to clocksource kvm-clock
[    4.538145] AppArmor: AppArmor Filesystem Enabled
[    4.548880] pnp: PnP ACPI init
[    4.562347] pnp: PnP ACPI: found 3 devices
[    4.585022] clocksource: acpi_pm: mask: 0xffffff max_cycles: 0xffffff, max_idle_ns: 2085701024 ns
[    4.604586] NET: Registered protocol family 2
[    4.614565] TCP established hash table entries: 8192 (order: 4, 65536 bytes)
[    4.627938] TCP bind hash table entries: 8192 (order: 5, 131072 bytes)
[    4.640051] TCP: Hash tables configured (established 8192 bind 8192)
[    4.655684] UDP hash table entries: 512 (order: 2, 16384 bytes)
[    4.668738] UDP-Lite hash table entries: 512 (order: 2, 16384 bytes)
[    4.681001] NET: Registered protocol family 1
[    4.690547] pci 0000:00:00.0: Limiting direct PCI/PCI transfers
[    4.701456] pci 0000:00:01.0: Activating ISA DMA hang workarounds
[    4.720698] Unpacking initramfs...
[    5.343324] Freeing initrd memory: 14888K
[    5.351879] clocksource: tsc: mask: 0xffffffffffffffff max_cycles: 0x229835b7123, max_idle_ns: 440795242976 ns
[    5.367922] platform rtc_cmos: registered platform RTC device (no PNP device found)
[    5.381304] Scanning for low memory corruption every 60 seconds
[    5.393020] audit: initializing netlink subsys (disabled)
[    5.403050] audit: type=2000 audit(1678221297.581:1): initialized
[    5.414193] Initialise system trusted keyring
[    5.423502] HugeTLB registered 2 MB page size, pre-allocated 0 pages
[    5.438158] zbud: loaded
[    5.443633] VFS: Disk quotas dquot_6.6.0
[    5.451445] VFS: Dquot-cache hash table entries: 512 (order 0, 4096 bytes)
[    5.465284] squashfs: version 4.0 (2009/01/31) Phillip Lougher
[    5.475870] fuse init (API version 7.23)
[    5.484755] Key type big_key registered
[    5.492080] Allocating IMA MOK and blacklist keyrings.
[    5.503428] Key type asymmetric registered
[    5.510927] Asymmetric key parser 'x509' registered
[    5.518776] Block layer SCSI generic (bsg) driver version 0.4 loaded (major 249)
[    5.532668] io scheduler noop registered
[    5.542632] io scheduler deadline registered (default)
[    5.551359] io scheduler cfq registered
[    5.558939] pci_hotplug: PCI Hot Plug PCI Core version: 0.5
[    5.568611] pciehp: PCI Express Hot Plug Controller Driver version: 0.4
[    5.579857] ACPI: AC Adapter [AC] (on-line)
[    5.587758] input: Power Button as /devices/LNXSYSTM:00/LNXPWRBN:00/input/input0
[    5.599818] ACPI: Power Button [PWRF]
[    5.606303] input: Sleep Button as /devices/LNXSYSTM:00/LNXSLPBN:00/input/input1
[    5.618529] ACPI: Sleep Button [SLPF]
[    5.629609] ACPI: Battery Slot [BAT0] (battery present)
[    5.638849] GHES: HEST is not enabled!
[    5.645935] Serial: 8250/16550 driver, 32 ports, IRQ sharing enabled
[    5.699139] 00:02: ttyS0 at I/O 0x3f8 (irq = 4, base_baud = 115200) is a 16550A
[    5.714953] Linux agpgart interface v0.103
[    5.733281] loop: module loaded
[    5.741745] scsi host0: ata_piix
[    5.748531] scsi host1: ata_piix
[    5.754833] ata1: PATA max UDMA/33 cmd 0x1f0 ctl 0x3f6 bmdma 0xd000 irq 14
[    5.766074] ata2: PATA max UDMA/33 cmd 0x170 ctl 0x376 bmdma 0xd008 irq 15
[    5.782248] libphy: Fixed MDIO Bus: probed
[    5.790025] tun: Universal TUN/TAP device driver, 1.6
[    5.800363] tun: (C) 1999-2004 Max Krasnyansky <maxk@qualcomm.com>
[    5.811482] PPP generic driver version 2.4.2
[    5.818834] ehci_hcd: USB 2.0 'Enhanced' Host Controller (EHCI) Driver
[    5.829432] ehci-pci: EHCI PCI platform driver
[    5.837526] ehci-platform: EHCI generic platform driver
[    5.846987] ohci_hcd: USB 1.1 'Open' Host Controller (OHCI) Driver
[    5.857953] ohci-pci: OHCI PCI platform driver
[    5.866506] ohci-platform: OHCI generic platform driver
[    5.875340] uhci_hcd: USB Universal Host Controller Interface driver
[    5.886310] i8042: PNP: PS/2 Controller [PNP0303:PS2K,PNP0f03:PS2M] at 0x60,0x64 irq 1,12
[    5.906554] serio: i8042 KBD port at 0x60,0x64 irq 1
[    5.916969] serio: i8042 AUX port at 0x60,0x64 irq 12
[    5.928579] mousedev: PS/2 mouse device common for all mice
[    6.054768] input: AT Translated Set 2 keyboard as /devices/platform/i8042/serio0/input/input2
[    6.070969] rtc_cmos rtc_cmos: rtc core: registered rtc_cmos as rtc0
[    6.083063] rtc_cmos rtc_cmos: alarms up to one day, 114 bytes nvram
[    6.096029] i2c /dev entries driver
[    6.102444] device-mapper: uevent: version 1.0.3
[    6.110359] device-mapper: ioctl: 4.34.0-ioctl (2015-10-28) initialised: dm-devel@redhat.com
[    6.127089] ledtrig-cpu: registered to indicate activity on CPUs
[    6.141651] NET: Registered protocol family 10
[    6.152089] NET: Registered protocol family 17
[    6.162119] Key type dns_resolver registered
[    6.170648] registered taskstats version 1
[    6.178096] Loading compiled-in X.509 certificates
[    6.190433] Loaded X.509 cert 'Build time autogenerated kernel key: cf00e047681d67edb2720680708b7d9498083038'
[    6.209320] zswap: loaded using pool lzo/zbud
[    6.222076] Key type trusted registered
[    6.236302] Key type encrypted registered
[    6.249264] AppArmor: AppArmor sha1 policy hashing enabled
[    6.262159] ima: No TPM chip found, activating TPM-bypass!
[    6.273069] ima: Allocated hash algorithm: sha1
[    6.282599] evm: HMAC attrs: 0x1
[    6.291836]   Magic number: 15:657:598
[    6.299358] rtc_cmos rtc_cmos: setting system clock to 2023-03-07 20:34:55 UTC (1678221295)
[    6.313851] BIOS EDD facility v0.16 2004-Jun-25, 0 devices found
[    6.324069] EDD information not available.
[    6.334515] Freeing unused kernel memory: 1492K
[    6.341885] Write protecting the kernel read-only data: 14336k
[    6.351450] Freeing unused kernel memory: 1584K
[    6.359082] Freeing unused kernel memory: 52K
Loading, please wait...
starting version 229
[    6.396414] random: udevadm: uninitialized urandom read (16 bytes read, 9 bits of entropy available)
[    6.410250] random: systemd-udevd: uninitialized urandom read (16 bytes read, 9 bits of entropy available)
[    6.424534] random: systemd-udevd: uninitialized urandom read (16 bytes read, 9 bits of entropy available)
[    6.439034] random: udevadm: uninitialized urandom read (16 bytes read, 9 bits of entropy available)
[    6.453020] random: systemd-udevd: uninitialized urandom read (16 bytes read, 9 bits of entropy available)
[    6.489423] random: systemd-udevd: uninitialized urandom read (16 bytes read, 9 bits of entropy available)
[    6.507525] random: udevadm: uninitialized urandom read (16 bytes read, 9 bits of entropy available)
[    6.525208] random: systemd-udevd: uninitialized urandom read (16 bytes read, 9 bits of entropy available)
[    6.540579] random: udevadm: uninitialized urandom read (16 bytes read, 9 bits of entropy available)
[    6.556664] random: systemd-udevd: uninitialized urandom read (16 bytes read, 9 bits of entropy available)
[    6.714717] Fusion MPT base driver 3.04.20
[    6.723293] Copyright (c) 1999-2008 LSI Corporation
[    6.755183] e1000: Intel(R) PRO/1000 Network Driver - version 7.3.21-k8-NAPI
[    6.768143] e1000: Copyright (c) 1999-2006 Intel Corporation.
[    6.841673] SSE version of gcm_enc/dec engaged.
[    6.875386] Fusion MPT SPI Host driver 3.04.20
[    7.099302] input: ImExPS/2 Generic Explorer Mouse as /devices/platform/i8042/serio1/input/input4
[    7.991848] e1000 0000:00:03.0 eth0: (PCI:33MHz:32-bit) 02:be:82:6b:cc:1d
[    8.004833] e1000 0000:00:03.0 eth0: Intel(R) PRO/1000 Network Connection
[    8.018739] mptbase: ioc0: Initiating bringup
[    8.107903] ioc0: LSI53C1030 A0: Capabilities={Initiator}
[    8.307451] scsi host2: ioc0: LSI53C1030 A0, FwRev=00000000h, Ports=1, MaxQ=256, IRQ=20
[    8.440364] scsi 2:0:0:0: Direct-Access     VBOX     HARDDISK         1.0  PQ: 0 ANSI: 5
[    8.455836] scsi target2:0:0: Beginning Domain Validation
[    8.481243] scsi target2:0:0: Domain Validation skipping write tests
[    8.493639] scsi target2:0:0: Ending Domain Validation
[    8.527237] scsi target2:0:0: asynchronous
[    8.573266] scsi 2:0:1:0: Direct-Access     VBOX     HARDDISK         1.0  PQ: 0 ANSI: 5
[    8.611799] scsi target2:0:1: Beginning Domain Validation
[    8.728848] scsi target2:0:1: Domain Validation skipping write tests
[    8.742746] scsi target2:0:1: Ending Domain Validation
[    8.788277] scsi target2:0:1: asynchronous
[    9.052985] sd 2:0:0:0: Attached scsi generic sg0 type 0
[    9.066758] sd 2:0:0:0: [sda] 83886080 512-byte logical blocks: (42.9 GB/40.0 GiB)
[    9.103611] sd 2:0:1:0: [sdb] 20480 512-byte logical blocks: (10.5 MB/10.0 MiB)
[    9.119959] sd 2:0:1:0: Attached scsi generic sg1 type 0
[    9.131166] sd 2:0:0:0: [sda] Write Protect is off
[    9.140322] sd 2:0:0:0: [sda] Incomplete mode parameter data
[    9.150244] sd 2:0:0:0: [sda] Assuming drive cache: write through
[    9.173604] sd 2:0:1:0: [sdb] Write Protect is off
[    9.194263] sd 2:0:1:0: [sdb] Incomplete mode parameter data
[    9.208601] sd 2:0:1:0: [sdb] Assuming drive cache: write through
[    9.233607]  sda: sda1
[    9.243238] sd 2:0:0:0: [sda] Attached SCSI disk
[    9.336188] sd 2:0:1:0: [sdb] Attached SCSI disk
[    9.814342] e1000 0000:00:08.0 eth1: (PCI:33MHz:32-bit) 08:00:27:f7:c9:bc
[    9.827818] e1000 0000:00:08.0 eth1: Intel(R) PRO/1000 Network Connection
[    9.842386] e1000 0000:00:08.0 enp0s8: renamed from eth1
[    9.855807] e1000 0000:00:03.0 enp0s3: renamed from eth0
Begin: Loading essential drivers ... [   11.929084] md: linear personality registered for level -1
[   11.944471] md: multipath personality registered for level -4
[   11.958342] md: raid0 personality registered for level 0
[   11.980560] md: raid1 personality registered for level 1
[   12.070865] raid6: sse2x1   gen()  6517 MB/s
[   12.154789] raid6: sse2x1   xor()  5506 MB/s
[   12.239957] raid6: sse2x2   gen()  8512 MB/s
[   12.326876] raid6: sse2x2   xor()  5614 MB/s
[   12.410913] raid6: sse2x4   gen()  7888 MB/s
[   12.495059] raid6: sse2x4   xor()  5326 MB/s
[   12.506867] raid6: using algorithm sse2x2 gen() 8512 MB/s
[   12.519367] raid6: .... xor() 5614 MB/s, rmw enabled
[   12.528624] raid6: using ssse3x2 recovery algorithm
[   12.541591] xor: measuring software checksum speed
[   12.663836]    prefetch64-sse: 58493.000 MB/sec
[   12.780629]    generic_sse: 23584.000 MB/sec
[   12.789540] xor: using function: prefetch64-sse (58493.000 MB/sec)
[   12.805160] async_tx: api initialized (async)
[   12.881932] md: raid6 personality registered for level 6
[   12.892698] md: raid5 personality registered for level 5
[   12.903576] md: raid4 personality registered for level 4
[   12.946322] md: raid10 personality registered for level 10
done.
Begin: Running /scripts/init-premount ... done.
Begin: Mounting root file system ... Begin: Running /scripts/local-top ... done.
Begin: Running /scripts/local-premount ... [   13.191463] Btrfs loaded
Scanning for Btrfs filesystems
done.
Warning: fsck not present, so skipping root file system
[   13.312465] EXT4-fs (sda1): mounted filesystem with ordered data mode. Opts: (null)
done.
Begin: Running /scripts/local-bottom ... done.
Begin: Running /scripts/init-bottom ... done.
[   13.620849] systemd[1]: systemd 229 running in system mode. (+PAM +AUDIT +SELINUX +IMA +APPARMOR +SMACK +SYSVINIT +UTMP +LIBCRYPTSETUP +GCRYPT +GNUTLS +ACL +XZ -LZ4 +SECCOMP +BLKID +ELFUTILS +KMOD -IDN)
[   13.649040] systemd[1]: Detected virtualization oracle.
[   13.659112] systemd[1]: Detected architecture x86-64.

Welcome to [1mUbuntu 16.04.7 LTS[0m!

[   13.688638] systemd[1]: Set hostname to <ubuntu>.
[   13.709567] systemd[1]: Initializing machine ID from random generator.
[   13.720124] systemd[1]: Installed transient /etc/machine-id file.
[   13.862101] random: nonblocking pool is initialized
[   14.201290] systemd[1]: Listening on /dev/initctl Compatibility Named Pipe.
[[0;32m  OK  [0m] Listening on /dev/initctl Compatibility Named Pipe.
[   14.225850] systemd[1]: Created slice System Slice.
[[0;32m  OK  [0m] Created slice System Slice.
[   14.246346] systemd[1]: Created slice User and Session Slice.
[[0;32m  OK  [0m] Created slice User and Session Slice.
[   14.268060] systemd[1]: Reached target Slices.
[[0;32m  OK  [0m] Reached target Slices.
[   14.287207] systemd[1]: Listening on LVM2 metadata daemon socket.
[[0;32m  OK  [0m] Listening on LVM2 metadata daemon socket.
[   14.314253] systemd[1]: Listening on fsck to fsckd communication Socket.
[[0;32m  OK  [0m] Listening on fsck to fsckd communication Socket.
[   14.345350] systemd[1]: Set up automount Arbitrary Executable File Formats File System Automount Point.
[[0;32m  OK  [0m] Set up automount Arbitrary Executab...ats File System Automount Point.
[   14.384545] systemd[1]: Reached target System Time Synchronized.
[[0;32m  OK  [0m] Reached target System Time Synchronized.
[   14.412727] systemd[1]: Started Forward Password Requests to Wall Directory Watch.
[[0;32m  OK  [0m] Started Forward Password Requests to Wall Directory Watch.
[   14.441377] systemd[1]: Listening on Device-mapper event daemon FIFOs.
[[0;32m  OK  [0m] Listening on Device-mapper event daemon FIFOs.
[   14.467300] systemd[1]: Listening on LVM2 poll daemon socket.
[[0;32m  OK  [0m] Listening on LVM2 poll daemon socket.
[   14.492482] systemd[1]: Listening on udev Kernel Socket.
[[0;32m  OK  [0m] Listening on udev Kernel Socket.
[   14.515435] systemd[1]: Listening on Journal Audit Socket.
[[0;32m  OK  [0m] Listening on Journal Audit Socket.
[   14.539721] systemd[1]: Listening on Journal Socket (/dev/log).
[[0;32m  OK  [0m] Listening on Journal Socket (/dev/log).
[   14.565495] systemd[1]: Listening on udev Control Socket.
[[0;32m  OK  [0m] Listening on udev Control Socket.
[   14.595679] systemd[1]: Reached target Encrypted Volumes.
[[0;32m  OK  [0m] Reached target Encrypted Volumes.
[   14.630073] systemd[1]: Reached target Swap.
[[0;32m  OK  [0m] Reached target Swap.
[   14.651401] systemd[1]: Reached target User and Group Name Lookups.
[[0;32m  OK  [0m] Reached target User and Group Name Lookups.
[   14.676092] systemd[1]: Listening on Journal Socket.
[[0;32m  OK  [0m] Listening on Journal Socket.
[   14.699031] systemd[1]: Starting Create list of required static device nodes for the current kernel...
         Starting Create list of required st... nodes for the current kernel...
[   14.736930] systemd[1]: Starting Nameserver information manager...
         Starting Nameserver information manager...
[   14.762925] systemd[1]: Starting Load Kernel Modules...
         Starting Load Kernel Modules...
[   14.800894] systemd[1]: Mounting Debug File System...
         Mounting Debug File System...
[   14.841518] systemd[1]: Starting Set console keymap...
[   14.849733] Loading iSCSI transport class v2.0-870.
         Starting Set console keymap...
[   14.877376] systemd[1]: Mounting Huge Pages File System...
         Mounting Huge Pages File System...
[   14.917272] systemd[1]: Listening on Syslog Socket.
[   14.927585] iscsi: registered transport (tcp)
[[0;32m  OK  [0m] Listening on Syslog Socket.
[   14.962501] systemd[1]: Starting Journal Service...
         Starting Journal Service...
[   14.997854] systemd[1]: Created slice system-serial\x2dgetty.slice.
[[0;32m  OK  [0m] Created slice system-serial\x2dgetty.slice.
[   15.050319] systemd[1]: Starting Uncomplicated firewall...
         Starting Uncomplicated firewall...
[   15.107123] systemd[1]: Mounting POSIX Message Queue File System...
         Mounting POSIX Message Queue File System...
[   15.163775] systemd[1]: Starting Monitoring of LVM2 mirrors, snapshots etc. using dmeventd or progress polling...
         Starting Monitoring of LVM2 mirrors... dmeventd or progress polling...
[   15.229186] systemd[1]: Starting File System Check on Root Device...
         Starting File System Check on Root Device...
[   15.281563] systemd[1]: Started Trigger resolvconf update for networkd DNS.
[[0;32m  OK  [0m] Started Trigger resolvconf update for networkd DNS.[   15.353161] iscsi: registered transport (iser)

[   15.364197] systemd[1]: Mounted Huge Pages File System.
[[0;32m  OK  [0m] Mounted Huge Pages File System.
[   15.405968] systemd[1]: Mounted POSIX Message Queue File System.
[[0;32m  OK  [0m] Mounted POSIX Message Queue File System.
[   15.426399] systemd[1]: Mounted Debug File System.
[[0;32m  OK  [0m] Mounted Debug File System.
[   15.444565] systemd[1]: Started Journal Service.
[[0;32m  OK  [0m] Started Journal Service.
[[0;32m  OK  [0m] Started Create list of required sta...ce nodes for the current kernel.
[[0;32m  OK  [0m] Started Load Kernel Modules.
[[0;32m  OK  [0m] Started Set console keymap.
[[0;32m  OK  [0m] Started Uncomplicated firewall.
[[0;32m  OK  [0m] Started File System Check on Root Device.
[[0;32m  OK  [0m] Started Nameserver information manager.
[[0;32m  OK  [0m] Started LVM2 metadata daemon.
[[0;32m  OK  [0m] Started File System Check Daemon to report status.
         Starting Remount Root and Kernel File Systems...
[   15.687534] EXT4-fs (sda1): re-mounted. Opts: (null)
         Mounting FUSE Control File System...
         Starting Apply Kernel Variables...
         Starting Create Static Device Nodes in /dev...
[[0;32m  OK  [0m] Mounted FUSE Control File System.
[[0;32m  OK  [0m] Started Remount Root and Kernel File Systems.
[[0;32m  OK  [0m] Started Monitoring of LVM2 mirrors,...ng dmeventd or progress polling.
[[0;32m  OK  [0m] Started Apply Kernel Variables.
[[0;32m  OK  [0m] Started Create Static Device Nodes in /dev.
         Starting udev Kernel Device Manager...
         Starting Load/Save Random Seed...
         Starting Flush Journal to Persistent Storage...
         Starting udev Coldplug all Devices...
[[0;32m  OK  [0m] Reached target Local File Systems (Pre).
[[0;32m  OK  [0m] Reached target Local File Systems.
         Starting Set console font and keymap...
         Starting Commit a transient machine-id on disk...
         Starting Tell Plymouth To Write Out Runtime Data...
         Starting LSB: AppArmor initialization...
         Starting Initial cloud-init job (pre-networking)...
[[0;32m  OK  [0m] Started udev Kernel Device Manager.
[[0;32m  OK  [0m] Started Load/Save Random Seed.
[[0;32m  OK  [0m] Started Commit a transient machine-id on disk.
[[0;32m  OK  [0m] Started Tell Plymouth To Write Out Runtime Data.
[[0;32m  OK  [0m] Started Flush Journal to Persistent Storage.
         Starting Create Volatile Files and Directories...
[[0;32m  OK  [0m] Started Create Volatile Files and Directories.
         Starting Update UTMP about System Boot/Shutdown...
[[0;32m  OK  [0m] Started Update UTMP about System Boot/Shutdown.
[[0;32m  OK  [0m] Started udev Coldplug all Devices.
[[0;32m  OK  [0m] Started Dispatch Password Requests to Console Directory Watch.
[[0;32m  OK  [0m] Found device /dev/ttyS0.
[[0;32m  OK  [0m] Listening on Load/Save RF Kill Switch Status /dev/rfkill Watch.
[[0;32m  OK  [0m] Started LSB: AppArmor initialization.
[   19.481888]          Starting Load AppArmor profiles managed internally by snapd...cloud-init
[[491]: Cloud-init v. 21.1-19-gbad84ad4-0ubuntu1~16.04.2 running 'init-local' at Tue, 07 Mar 2023 20:35:09 +0000. Up 17.73 seconds.[0;32m  OK  [0m] Started Initial cloud-init job (pre-networking).
[[0;32m  OK  [0m] Reached target Network (Pre).
         Starting Raise network interfaces...

[[0;32m  OK  [0m] Started Load AppArmor profiles managed internally by snapd.
[[0;32m  OK  [0m] Started Set console font and keymap.
[[0;32m  OK  [0m] Created slice system-getty.slice.
[[0;32m  OK  [0m] Started Raise network interfaces.
         Starting Initial cloud-init job (metadata service crawler)...
[[0;32m  OK  [0m] Reached target Network.
[   23.797625] cloud-init[976]: Cloud-init v. 21.1-19-gbad84ad4-0ubuntu1~16.04.2 running 'init' at Tue, 07 Mar 2023 20:35:14 +0000. Up 22.34 seconds.
[   23.825591] cloud-init[976]: ci-info: ++++++++++++++++++++++++++++++++++++++Net device info+++++++++++++++++++++++++++++++++++++++
[   23.862391] cloud-init[976]: ci-info: +--------+-------+----------------------------+---------------+--------+-------------------+
[   23.889950] cloud-init[976]: ci-info: | Device |   Up  |          Address           |      Mask     | Scope  |     Hw-Address    |
[[0;32m  OK  [0m[   23.920988] cloud-init] Started Initial cloud-init job (metadata service crawler).[976]: ci-info: +--------+-------+----------------------------+---------------+--------+-------------------+
[[0;32m  OK  [0m
[   23.942667] ] Reached target System Initialization.
[[0;32m  OK  [0mcloud-init[976]: ci-info: | enp0s3 |  True |         10.0.2.15          | 255.255.255.0 | global | 02:be:82:6b:cc:1d |] Listening on D-Bus System Message Bus Socket.

[   23.966625] cloud-init[[0;32m  OK  [0m] [976]: ci-info: | enp0s3 |  True | fe80::be:82ff:fe6b:cc1d/64 |       .       |  link  | 02:be:82:6b:cc:1d |Started Daily Cleanup of Temporary Directories.

[   23.991086] cloud-init[976]: [[0;32m  OK  [0m] ci-info: | enp0s8 | False |             .              |       .       |   .    | 08:00:27:f7:c9:bc |Started ACPI Events Check.
[[0;32m  OK  [0m
[   24.014345] ] Reached target Paths.cloud-init[976]: ci-info: |   lo   |  True |         127.0.0.1          |   255.0.0.0   |  host  |         .         |
[[0;32m  OK  [0m] Started Ubuntu Advantage update messaging.
[   24.042995] 
[[0;32m  OK  [0mcloud-init[976]: ci-info: |   lo   |  True |          ::1/128           |       .       |  host  |         .         |] Listening on UUID daemon activation socket.
[
[   24.071603] [0;32m  OK  [0mcloud-init[976]: ci-info: +--------+-------+----------------------------+---------------+--------+-------------------+] Listening on ACPID Listen Socket.
[[0;32m  OK  [0m
] Started Message of the Day.[   24.104784] cloud-init
[[976]: ci-info: +++++++++++++++++++++++++++Route IPv4 info++++++++++++++++++++++++++++[0;32m  OK  [0m] Started Daily apt download activities.
[   24.128137] 
[cloud-init[976]: ci-info: +-------+-------------+----------+---------------+-----------+-------+[0;32m  OK  [0m] Started Daily apt upgrade and clean activities.
[   24.149601] cloud-init
[[0;32m  OK  [0m] [976]: ci-info: | Route | Destination | Gateway  |    Genmask    | Interface | Flags |Reached target Timers.

         Starting LXD - unix socket.[   24.174040] cloud-init[976]: 
         Starting Socket activation for snappy daemon.ci-info: +-------+-------------+----------+---------------+-----------+-------+
[[0;32m  OK  [0m
[   24.203787] cloud-init[976]: ci-info: |   0   |   0.0.0.0   | 10.0.2.2 |    0.0.0.0    |   enp0s3  |   UG  |] Reached target Cloud-config availability.
[
[   24.222987] [0;32m  OK  [0m] Reached target Network is Online.cloud-init[976]: ci-info: |   1   |   10.0.2.0  | 0.0.0.0  | 255.255.255.0 |   enp0s3  |   U   |
         
[   24.246682] Starting iSCSI initiator daemon (iscsid)...cloud-init[976]: 
[ci-info: +-------+-------------+----------+---------------+-----------+-------+[0;32m  OK  [0m] Listening on LXD - unix socket.
[
[0;32m  OK  [0m] Listening on Socket activation for snappy daemon.[   24.295487] 
[cloud-init[0;32m  OK  [0m] Reached target Sockets.[976]: ci-info: +++++++++++++++++++Route IPv6 info+++++++++++++++++++
[
[0;32m  OK  [0m] [   24.330790] Reached target Basic System.
cloud-init[976]: ci-info: +-------+-------------+---------+-----------+-------+[[0;32m  OK  [0m] Started FUSE filesystem for LXC.

[[0;32m  OK  [0m] Started Regular background program processing daemon.
         [   24.373250] Starting LSB: MD monitoring daemon...cloud-init
[[0;32m  OK  [0m] Started Deferred execution scheduler.[976]: 
         Starting LSB: Record successful boot for GRUB...ci-info: | Route | Destination | Gateway | Interface | Flags |
[   24.451182] 
[[0;32m  OK  [0m] Started D-Bus System Message Bus.cloud-init
[976]: ci-info: +-------+-------------+---------+-----------+-------+
[   24.502198] cloud-init[976]: ci-info: |   0   |  fe80::/64  |    ::   |   enp0s3  |   U   |
[   24.523977] cloud-init[976]: ci-info: |   3   |   ff00::/8  |    ::   |   enp0s3  |   U   |
[   24.543208]          Starting Snap Daemon...cloud-init[976]: 
ci-info: +-------+-------------+---------+-----------+-------+         Starting Pollinate to seed the pseudo random number generator...

[[0;32m  OK  [0m] Started ACPI event daemon.
         Starting LXD - container startup/shutdown...[   24.627403] 
cloud-init         Starting Accounts Service...
         [976]: Starting System Logging Service...
         Starting Login Service...
         Generating public/private rsa key pair.Starting Virtualbox guest utils...
         Starting /etc/rc.local Compatibility...
[[0;32m  OK  [0m] Started /etc/rc.local Compatibility.

[[0;32m  OK  [0m[   24.900701] cloud-init] Started iSCSI initiator daemon (iscsid).
         Starting Login to default iSCSI targets...
[976]: [[0;32m  OK  [0m] Started Login Service.Your identification has been saved in /etc/ssh/ssh_host_rsa_key.
[[0;32m  OK  [0m] Started Unattended Upgrades Shutdown.
[[0;32m  OK  [0m] Started System Logging Service.
[[0;32m  OK  [0m] Started LSB: Record successful boot for GRUB.
[[0;32m  OK  [0m
] Started Login to default iSCSI targets.
[[0;32m  OK  [0m] Reached target Remote File Systems (Pre).
[[0;32m  OK  [0m] Reached target Remote File Systems.
         Starting LSB: automatic crash report generation...
         [   25.233426] cloud-initStarting LSB: Set the CPU Frequency Scaling governor to "ondemand"...
         Starting LSB: daemon to balance interrupts for SMP systems...
         Starting Permit User Sessions...
[[0;32m  OK  [0m] Started LSB: MD monitoring daemon.
[[976]: Your public key has been saved in /etc/ssh/ssh_host_rsa_key.pub.[0;32m  OK  [0m] Started Permit User Sessions.
         Starting Terminate Plymouth Boot Screen...
         Starting Hold until boot process finishes up...
[[0;32m  OK  [0m] Started Hold until boot process finishes up.
[
[0;32m  OK  [0m] Started Terminate Plymouth Boot Screen.
         Starting Set console scheme...
[[0;32m  OK  [0m] Started Serial Getty on ttyS0.
[[0;32m  OK  [0m] Started Getty on tty1.
[[0;32m  OK  [0m] [   25.557072] cloud-initReached target Login Prompts.
[[0;32m  OK  [0m] Started LSB: Set the CPU Frequency Scaling governor to "ondemand".
[976]: [[0;32m  OK  [0m] Started Set console scheme.
The key fingerprint is:         Starting Authenticate and Authorize Users to Run Privileged Tasks...

[   25.740420] cloud-init[976]: SHA256:Kzy6wo1WnFhVDu1eDnU0mQX3h0r3N0nTZdmq5c2ehwQ root@ubuntu-xenial[[0;32m  OK  [0m] Started LSB: daemon to balance interrupts for SMP systems.

[   25.960538] [[0;32m  OK  [0m] Started Authenticate and Authorize Users to Run Privileged Tasks.cloud-init
[[0;32m  OK  [0m[976]: The key's randomart image is:] Started Accounts Service.

[[0;32m  OK  [0m] Started LSB: automatic crash report generation.
[   26.086721] cloud-init[976]: +---[RSA 2048]----+
[   26.227134] cloud-init[976]: |      .o.  .+=o =|
[   26.301348] cloud-init[[0;32m  OK  [0m] Started LXD - container startup/shutdown.
[976]: |      .o. . +o =+|
[   26.393622] cloud-init[976]: |     . ... .. o++|
[   26.475423] cloud-init[976]: |    .   o ..Eo+.+|
[   26.568701] [[0;32m  OK  [0m] Started Virtualbox guest utils.
cloud-init[976]: |   + . .S+  .= =o|
[   26.693222] cloud-init[976]: |  . +.  ... . o =|
[   26.753836] cloud-init[976]: | . +  + .    . o.|
[   26.834894] cloud-init[976]: |  = .. o      ..o|
[   26.900096] cloud-init[976]: | . .o.          .|
[   26.968304] cloud-init[976]: +----[SHA256]-----+
[   27.029496] cloud-init[976]: Generating public/private dsa key pair.
[[0;32m  OK  [0m] Started Pollinate to seed the pseudo random number generator.[   27.094578] 
         Starting OpenBSD Secure Shell server...cloud-init
[976]: Your identification has been saved in /etc/ssh/ssh_host_dsa_key.
[   27.262298] cloud-init[976]: Your public key has been saved in /etc/ssh/ssh_host_dsa_key.pub.
[[0;32m  OK  [0m] [   27.365784] Started OpenBSD Secure Shell server.
cloud-init[976]: The key fingerprint is:
[   27.421735] cloud-init[976]: SHA256:1zxmGlwX7qyTK/xEQhP2d80QQMx8ObAB1r0tBm2B/pg root@ubuntu-xenial
[   27.455844] cloud-init[976]: The key's randomart image is:
[   27.509701] cloud-init[976]: +---[DSA 1024]----+
[   27.546897] cloud-init[976]: |          =B=*=+ |
[   27.599076] cloud-init[976]: |         o oB+B+.|
[   27.649843] cloud-init[976]: |          o.+++++|
[   27.681830] cloud-init[976]: |         o =.=+..|
[   27.707085] cloud-init[976]: |        S = B=o. |
[   27.733407] cloud-init[976]: |         . BE+.  |
[   27.761633] cloud-init[976]: [[0;32m  OK  [0m|         .. =    |
] Started Snap Daemon.
         [   27.805298] cloud-init[976]: Starting Wait until snapd is fully seeded...
|          o. o   |
[   27.873013] cloud-init[976]: |           oo    |
[   27.912651] cloud-init[976]: +----[SHA256]-----+
[   27.957399] cloud-init[976]: Generating public/private ecdsa key pair.
[   28.017125] cloud-init[976]: Your identification has been saved in /etc/ssh/ssh_host_ecdsa_key.
[   28.069887] cloud-init[976]: Your public key has been saved in /etc/ssh/ssh_host_ecdsa_key.pub.
[   28.147743] cloud-init[[0;32m  OK  [0m] Created slice User Slice of vagrant.
[976]:          The key fingerprint is:Starting User Manager for UID 1000...
[[0;32m  OK  [0m] Started Session 1 of user vagrant.

[   28.244547] cloud-init[976]: SHA256:y7Nh+4I05frSHEgmujHOBRKIKoX74umSdFX/l3cq2Oo root@ubuntu-xenial
[[0;32m  OK  [0m] Started User Manager for UID 1000.[   28.300947] cloud-init[976]: 
The key's randomart image is:
[   28.355801] cloud-init[976]: +---[ECDSA 256]---+
[   28.408286] cloud-init[976]: |o.               |
[   28.463745] cloud-init[976]: |= .    .         |
[   28.515962] cloud-init[976]: |.+    . .        |
[   28.553509] cloud-init[976]: |= . ..o ..       |
[   28.606863] cloud-init[976]: |.o o.+ +S .   .  |
[   28.663630] cloud-init[976]: |..=.. +.o. . o ..|
[   28.726135] cloud-init[976]: |o=o= . **. o. ...|
[   28.794444] cloud-init[976]: |oo+   +.+=. o .  |
[   28.867570] cloud-init[976]: |o.     o++E. .   |
[   28.929416] cloud-init[976]: +----[SHA256]-----+
[   28.980067] cloud-init[976]: Generating public/private ed25519 key pair.
[   29.044745] cloud-init[976]: Your identification has been saved in /etc/ssh/ssh_host_ed25519_key.
[   29.115743] cloud-init[976]: Your public key has been saved in /etc/ssh/ssh_host_ed25519_key.pub.
[   29.192954] cloud-init[976]: The key fingerprint is:
[   29.273805] cloud-init[976]: SHA256:Ps6LBh7bUVgHsyVXLEB8cDYEq4+gFYuBKYQFPSYQikg root@ubuntu-xenial
[   29.327983] cloud-init[976]: The key's randomart image is:
[   29.401998] cloud-init[976]: +--[ED25519 256]--+
[   29.466053] cloud-init[976]: |*E.    oO*Bo.    |
[   29.521394] cloud-init[976]: |Oo+     oX+..    |
[   29.581635] cloud-init[976]: |Bo...  ooo .     |
[   29.657449] cloud-init[976]: |.  o o...        |
[   29.719825] cloud-init[976]: |  . + ..S        |
[   29.797225] cloud-init[976]: |   oo..+         |
[   29.859896] cloud-init[976]: |  .. =..+        |
[   29.905168] cloud-init[976]: |    o o+ .       |
[   29.985958] cloud-init[976]: |     .. +.       |
[   30.035117] cloud-init[976]: +----[SHA256]-----+

Ubuntu 16.04.7 LTS ubuntu-xenial ttyS0

ubuntu-xenial login: [   33.925534] cloud-init[1447]: Generating locales (this might take a while)...
[   36.989248] cloud-init[1447]:   en_US.UTF-8... done
[   37.003255] cloud-init[1447]: Generation complete.
[   37.846248] cloud-init[1447]: Cloud-init v. 21.1-19-gbad84ad4-0ubuntu1~16.04.2 running 'modules:config' at Tue, 07 Mar 2023 20:35:25 +0000. Up 33.51 seconds.
ci-info: no authorized SSH keys fingerprints found for user ubuntu.
<14>Mar  7 20:35:31 ec2: 
<14>Mar  7 20:35:31 ec2: #############################################################
<14>Mar  7 20:35:31 ec2: -----BEGIN SSH HOST KEY FINGERPRINTS-----
<14>Mar  7 20:35:31 ec2: 1024 SHA256:1zxmGlwX7qyTK/xEQhP2d80QQMx8ObAB1r0tBm2B/pg root@ubuntu-xenial (DSA)
<14>Mar  7 20:35:31 ec2: 256 SHA256:y7Nh+4I05frSHEgmujHOBRKIKoX74umSdFX/l3cq2Oo root@ubuntu-xenial (ECDSA)
<14>Mar  7 20:35:31 ec2: 256 SHA256:Ps6LBh7bUVgHsyVXLEB8cDYEq4+gFYuBKYQFPSYQikg root@ubuntu-xenial (ED25519)
<14>Mar  7 20:35:31 ec2: 2048 SHA256:Kzy6wo1WnFhVDu1eDnU0mQX3h0r3N0nTZdmq5c2ehwQ root@ubuntu-xenial (RSA)
<14>Mar  7 20:35:31 ec2: -----END SSH HOST KEY FINGERPRINTS-----
<14>Mar  7 20:35:31 ec2: #############################################################
-----BEGIN SSH HOST KEY KEYS-----
ecdsa-sha2-nistp256 AAAAE2VjZHNhLXNoYTItbmlzdHAyNTYAAAAIbmlzdHAyNTYAAABBBNhaci22HSuN2h9ez2L6wzxFT3RAN5wPtv23YahX/rQdjU8VXKpbrAc/PL/b9H0szrEBEv3YzW0x4ClWv2MOb5g= root@ubuntu-xenial
ssh-ed25519 AAAAC3NzaC1lZDI1NTE5AAAAIKD/Z/lANDV+xVL0kbKTYVwarKf3++wchDO6LcH6r/3S root@ubuntu-xenial
ssh-rsa AAAAB3NzaC1yc2EAAAADAQABAAABAQDSNk6HW3mtqwxiAFt/7CK/vHd0eFM65ddyt7uRORBpEu4iTeTGnOCVqpHn/pY6PjjHLcs/ikerDxUn1hiKprzIfjrgkKDkL2zGKsRybBPyqlQGyzbe4NWM0+ECNTsNfvxDUTj7d3rzbWzvODrtrkW/lEer63FeCWWApYyERPHNyphqo1JMSedjyu0UL1UyasGyKz1wcNbzrY8wOsIO6d1nzXETLjJOb4pTxiuAXICEKn5JRf23ig3hlY12AzOQMaC1F8EyjIOWRv9ESSxkqfe6xjCiQZFmcaVdwSW17lweXXlH1dah4sURj5uSDbYwpk3aZnwu6pTjme/D4q6hBA1h root@ubuntu-xenial
-----END SSH HOST KEY KEYS-----
[   39.755093] cloud-init[1600]: Cloud-init v. 21.1-19-gbad84ad4-0ubuntu1~16.04.2 running 'modules:final' at Tue, 07 Mar 2023 20:35:31 +0000. Up 38.82 seconds.
[   39.794129] cloud-init[1600]: ci-info: no authorized SSH keys fingerprints found for user ubuntu.
[   39.837448] cloud-init[1600]: Cloud-init v. 21.1-19-gbad84ad4-0ubuntu1~16.04.2 finished at Tue, 07 Mar 2023 20:35:31 +0000. Datasource DataSourceNoCloud [seed=/dev/sdb][dsmode=net].  Up 39.72 seconds
