[    0.000000] Initializing cgroup subsys cpuset
[    0.000000] Initializing cgroup subsys cpu
[    0.000000] Initializing cgroup subsys cpuacct
[    0.000000] Linux version 4.4.0-210-generic (buildd@lgw01-amd64-009) (gcc version 5.4.0 20160609 (Ubuntu 5.4.0-6ubuntu1~16.04.12) ) #242-Ubuntu SMP Fri Apr 16 09:57:56 UTC 2021 (Ubuntu 4.4.0-210.242-generic 4.4.262)
[    0.000000] Command line: BOOT_IMAGE=/boot/vmlinuz-4.4.0-210-generic root=LABEL=cloudimg-rootfs ro console=tty1 console=ttyS0
[    0.000000] KERNEL supported cpus:
[    0.000000]   Intel GenuineIntel
[    0.000000]   AMD AuthenticAMD
[    0.000000]   Centaur CentaurHauls
[    0.000000] x86/fpu: Legacy x87 FPU detected.
[    0.000000] e820: BIOS-provided physical RAM map:
[    0.000000] BIOS-e820: [mem 0x0000000000000000-0x000000000009fbff] usable
[    0.000000] BIOS-e820: [mem 0x000000000009fc00-0x000000000009ffff] reserved
[    0.000000] BIOS-e820: [mem 0x00000000000f0000-0x00000000000fffff] reserved
[    0.000000] BIOS-e820: [mem 0x0000000000100000-0x000000003ffeffff] usable
[    0.000000] BIOS-e820: [mem 0x000000003fff0000-0x000000003fffffff] ACPI data
[    0.000000] BIOS-e820: [mem 0x00000000fec00000-0x00000000fec00fff] reserved
[    0.000000] BIOS-e820: [mem 0x00000000fee00000-0x00000000fee00fff] reserved
[    0.000000] BIOS-e820: [mem 0x00000000fffc0000-0x00000000ffffffff] reserved
[    0.000000] NX (Execute Disable) protection: active
[    0.000000] SMBIOS 2.5 present.
[    0.000000] Hypervisor detected: KVM
[    0.000000] e820: last_pfn = 0x3fff0 max_arch_pfn = 0x400000000
[    0.000000] MTRR: Disabled
[    0.000000] x86/PAT: MTRRs disabled, skipping PAT initialization too.
[    0.000000] CPU MTRRs all blank - virtualized system.
[    0.000000] x86/PAT: Configuration [0-7]: WB  WT  UC- UC  WB  WT  UC- UC  
[    0.000000] found SMP MP-table at [mem 0x0009fff0-0x0009ffff] mapped at [ffff88000009fff0]
[    0.000000] Scanning 1 areas for low memory corruption
[    0.000000] RAMDISK: [mem 0x362dc000-0x37165fff]
[    0.000000] ACPI: Early table checksum verification disabled
[    0.000000] ACPI: RSDP 0x00000000000E0000 000024 (v02 VBOX  )
[    0.000000] ACPI: XSDT 0x000000003FFF0030 00003C (v01 VBOX   VBOXXSDT 00000001 ASL  00000061)
[    0.000000] ACPI: FACP 0x000000003FFF00F0 0000F4 (v04 VBOX   VBOXFACP 00000001 ASL  00000061)
[    0.000000] ACPI: DSDT 0x000000003FFF0610 002353 (v02 VBOX   VBOXBIOS 00000002 INTL 20100528)
[    0.000000] ACPI: FACS 0x000000003FFF0200 000040
[    0.000000] ACPI: FACS 0x000000003FFF0200 000040
[    0.000000] ACPI: APIC 0x000000003FFF0240 000054 (v02 VBOX   VBOXAPIC 00000001 ASL  00000061)
[    0.000000] ACPI: SSDT 0x000000003FFF02A0 00036C (v01 VBOX   VBOXCPUT 00000002 INTL 20100528)
[    0.000000] No NUMA configuration found
[    0.000000] Faking a node at [mem 0x0000000000000000-0x000000003ffeffff]
[    0.000000] NODE_DATA(0) allocated [mem 0x3ffeb000-0x3ffeffff]
[    0.000000] kvm-clock: Using msrs 4b564d01 and 4b564d00
[    0.000000] kvm-clock: cpu 0, msr 0:3ffe3001, primary cpu clock
[    0.000000] kvm-clock: using sched offset of 4237989915 cycles
[    0.000000] clocksource: kvm-clock: mask: 0xffffffffffffffff max_cycles: 0x1cd42e4dffb, max_idle_ns: 881590591483 ns
[    0.000000] Zone ranges:
[    0.000000]   DMA      [mem 0x0000000000001000-0x0000000000ffffff]
[    0.000000]   DMA32    [mem 0x0000000001000000-0x000000003ffeffff]
[    0.000000]   Normal   empty
[    0.000000]   Device   empty
[    0.000000] Movable zone start for each node
[    0.000000] Early memory node ranges
[    0.000000]   node   0: [mem 0x0000000000001000-0x000000000009efff]
[    0.000000]   node   0: [mem 0x0000000000100000-0x000000003ffeffff]
[    0.000000] Initmem setup node 0 [mem 0x0000000000001000-0x000000003ffeffff]
[    0.000000] ACPI: PM-Timer IO Port: 0x4008
[    0.000000] IOAPIC[0]: apic_id 1, version 32, address 0xfec00000, GSI 0-23
[    0.000000] ACPI: INT_SRC_OVR (bus 0 bus_irq 0 global_irq 2 dfl dfl)
[    0.000000] ACPI: INT_SRC_OVR (bus 0 bus_irq 9 global_irq 9 low level)
[    0.000000] Using ACPI (MADT) for SMP configuration information
[    0.000000] smpboot: Allowing 1 CPUs, 0 hotplug CPUs
[    0.000000] PM: Registered nosave memory: [mem 0x00000000-0x00000fff]
[    0.000000] PM: Registered nosave memory: [mem 0x0009f000-0x0009ffff]
[    0.000000] PM: Registered nosave memory: [mem 0x000a0000-0x000effff]
[    0.000000] PM: Registered nosave memory: [mem 0x000f0000-0x000fffff]
[    0.000000] e820: [mem 0x40000000-0xfebfffff] available for PCI devices
[    0.000000] Booting paravirtualized kernel on KVM
[    0.000000] clocksource: refined-jiffies: mask: 0xffffffff max_cycles: 0xffffffff, max_idle_ns: 7645519600211568 ns
[    0.000000] setup_percpu: NR_CPUS:512 nr_cpumask_bits:512 nr_cpu_ids:1 nr_node_ids:1
[    0.000000] PERCPU: Embedded 33 pages/cpu @ffff88003fc00000 s95192 r8192 d31784 u2097152
[    0.000000] Built 1 zonelists in Node order, mobility grouping on.  Total pages: 257912
[    0.000000] Policy zone: DMA32
[    0.000000] Kernel command line: BOOT_IMAGE=/boot/vmlinuz-4.4.0-210-generic root=LABEL=cloudimg-rootfs ro console=tty1 console=ttyS0
[    0.000000] PID hash table entries: 4096 (order: 3, 32768 bytes)
[    0.000000] Memory: 997924K/1048120K available (8644K kernel code, 1332K rwdata, 4044K rodata, 1492K init, 1164K bss, 50196K reserved, 0K cma-reserved)
[    0.000000] SLUB: HWalign=64, Order=0-3, MinObjects=0, CPUs=1, Nodes=1
[    0.000000] Kernel/User page tables isolation: enabled
[    0.000000] Hierarchical RCU implementation.
[    0.000000] 	Build-time adjustment of leaf fanout to 64.
[    0.000000] 	RCU restricting CPUs from NR_CPUS=512 to nr_cpu_ids=1.
[    0.000000] RCU: Adjusting geometry for rcu_fanout_leaf=64, nr_cpu_ids=1
[    0.000000] NR_IRQS:33024 nr_irqs:256 16
[    0.000000] Console: colour VGA+ 80x25
[    0.000000] console [tty1] enabled
[    0.000000] console [ttyS0] enabled
[    0.000000] tsc: Detected 2399.998 MHz processor
[    1.119416] Calibrating delay loop (skipped) preset value.. 4799.99 BogoMIPS (lpj=9599992)
[    1.136827] pid_max: default: 32768 minimum: 301
[    1.146749] ACPI: Core revision 20150930
[    1.159612] ACPI: 2 ACPI AML tables successfully acquired and loaded
[    1.180894] Security Framework initialized
[    1.190210] Yama: becoming mindful.
[    1.200139] AppArmor: AppArmor initialized
[    1.207099] Dentry cache hash table entries: 131072 (order: 8, 1048576 bytes)
[    1.234886] Inode-cache hash table entries: 65536 (order: 7, 524288 bytes)
[    1.259261] Mount-cache hash table entries: 2048 (order: 2, 16384 bytes)
[    1.280020] Mountpoint-cache hash table entries: 2048 (order: 2, 16384 bytes)
[    1.304172] Initializing cgroup subsys io
[    1.320411] Initializing cgroup subsys memory
[    1.332832] Initializing cgroup subsys devices
[    1.347609] Initializing cgroup subsys freezer
[    1.357751] Initializing cgroup subsys net_cls
[    1.373215] Initializing cgroup subsys perf_event
[    1.387605] Initializing cgroup subsys net_prio
[    1.397939] Initializing cgroup subsys hugetlb
[    1.411527] Initializing cgroup subsys pids
[    1.421571] mce: CPU supports 0 MCE banks
[    1.433943] Last level iTLB entries: 4KB 64, 2MB 8, 4MB 8
[    1.449673] Last level dTLB entries: 4KB 64, 2MB 0, 4MB 0, 1GB 4
[    1.469161] Spectre V1 : Mitigation: usercopy/swapgs barriers and __user pointer sanitization
[    1.502015] Spectre V2 : Mitigation: Full generic retpoline
[    1.523914] Spectre V2 : Spectre v2 / SpectreRSB mitigation: Filling RSB on context switch
[    1.548843] Speculative Store Bypass: Vulnerable
[    1.564121] SRBDS: Unknown: Dependent on hypervisor status
[    1.579930] MDS: Mitigation: Clear CPU buffers
[    1.991314] Freeing SMP alternatives memory: 36K
[    2.157641] ftrace: allocating 32380 entries in 127 pages
[    3.274279] smpboot: APIC(0) Converting physical 0 to logical package 0
[    3.294096] smpboot: Max logical packages: 1
[    3.329386] ..TIMER: vector=0x30 apic1=0 pin1=2 apic2=-1 pin2=-1
[    3.450227] smpboot: CPU0: Intel(R) Core(TM) i5-6200U CPU @ 2.30GHz (family: 0x6, model: 0x4e, stepping: 0x3)
[    3.472402] Performance Events: unsupported p6 CPU model 78 no PMU driver, software events only.
[    3.646959] KVM setup paravirtual spinlock
[    3.657134] x86: Booted up 1 node, 1 CPUs
[    3.664277] smpboot: Total of 1 processors activated (4799.99 BogoMIPS)
[    3.682373] devtmpfs: initialized
[    3.692022] evm: security.selinux
[    3.697772] evm: security.SMACK64
[    3.703032] evm: security.SMACK64EXEC
[    3.711653] evm: security.SMACK64TRANSMUTE
[    3.720905] evm: security.SMACK64MMAP
[    3.727125] evm: security.ima
[    3.735107] evm: security.capability
[    3.745371] clocksource: jiffies: mask: 0xffffffff max_cycles: 0xffffffff, max_idle_ns: 7645041785100000 ns
[    3.768198] futex hash table entries: 256 (order: 2, 16384 bytes)
[    3.780621] pinctrl core: initialized pinctrl subsystem
[    3.789537] RTC time: 22:36:42, date: 03/07/23
[    3.798671] NET: Registered protocol family 16
[    3.805965] cpuidle: using governor ladder
[    3.813042] cpuidle: using governor menu
[    3.820521] PCCT header not found.
[    3.826790] ACPI: bus type PCI registered
[    3.833202] acpiphp: ACPI Hot Plug PCI Controller Driver version: 0.5
[    3.845587] PCI: Using configuration type 1 for base access
[    3.860037] ACPI: Added _OSI(Module Device)
[    3.868446] ACPI: Added _OSI(Processor Device)
[    3.877100] ACPI: Added _OSI(3.0 _SCP Extensions)
[    3.886134] ACPI: Added _OSI(Processor Aggregator Device)
[    3.896490] ACPI: Executed 1 blocks of module-level executable AML code
[    3.916053] ACPI: Interpreter enabled
[    3.922792] ACPI: (supports S0 S5)
[    3.928904] ACPI: Using IOAPIC for interrupt routing
[    3.938387] PCI: Using host bridge windows from ACPI; if necessary, use "pci=nocrs" and report a bug
[    3.967212] ACPI: PCI Root Bridge [PCI0] (domain 0000 [bus 00-ff])
[    3.978255] acpi PNP0A03:00: _OSC: OS supports [ASPM ClockPM Segments MSI]
[    3.990133] acpi PNP0A03:00: _OSC: not requesting OS control; OS requires [ExtendedConfig ASPM ClockPM MSI]
[    4.004800] acpi PNP0A03:00: fail to add MMCONFIG information, can't access extended PCI configuration space under this bridge.
[    4.025551] PCI host bridge to bus 0000:00
[    4.031989] pci_bus 0000:00: root bus resource [io  0x0000-0x0cf7 window]
[    4.044793] pci_bus 0000:00: root bus resource [io  0x0d00-0xffff window]
[    4.056012] pci_bus 0000:00: root bus resource [mem 0x000a0000-0x000bffff window]
[    4.069928] pci_bus 0000:00: root bus resource [mem 0x40000000-0xfdffffff window]
[    4.085566] pci_bus 0000:00: root bus resource [bus 00-ff]
[    4.110127] pci 0000:00:01.1: legacy IDE quirk: reg 0x10: [io  0x01f0-0x01f7]
[    4.123085] pci 0000:00:01.1: legacy IDE quirk: reg 0x14: [io  0x03f6]
[    4.134440] pci 0000:00:01.1: legacy IDE quirk: reg 0x18: [io  0x0170-0x0177]
[    4.146663] pci 0000:00:01.1: legacy IDE quirk: reg 0x1c: [io  0x0376]
[    4.194356] pci 0000:00:07.0: quirk: [io  0x4000-0x403f] claimed by PIIX4 ACPI
[    4.206849] pci 0000:00:07.0: quirk: [io  0x4100-0x410f] claimed by PIIX4 SMB
[    4.236985] ACPI: PCI Interrupt Link [LNKA] (IRQs 5 9 10 *11)
[    4.251236] ACPI: PCI Interrupt Link [LNKB] (IRQs 5 9 *10 11)
[    4.267501] ACPI: PCI Interrupt Link [LNKC] (IRQs 5 *9 10 11)
[    4.283771] ACPI: PCI Interrupt Link [LNKD] (IRQs 5 9 10 *11)
[    4.300115] ACPI: Enabled 2 GPEs in block 00 to 07
[    4.312175] vgaarb: setting as boot device: PCI:0000:00:02.0
[    4.357966] vgaarb: device added: PCI:0000:00:02.0,decodes=io+mem,owns=io+mem,locks=none
[    4.373576] vgaarb: loaded
[    4.380731] vgaarb: bridge control possible 0000:00:02.0
[    4.390246] SCSI subsystem initialized
[    4.399560] ACPI: bus type USB registered
[    4.406625] usbcore: registered new interface driver usbfs
[    4.417290] usbcore: registered new interface driver hub
[    4.427484] usbcore: registered new device driver usb
[    4.438587] PCI: Using ACPI for IRQ routing
[    4.447538] NetLabel: Initializing
[    4.454181] NetLabel:  domain hash size = 128
[    4.462914] NetLabel:  protocols = UNLABELED CIPSOv4
[    4.471133] NetLabel:  unlabeled traffic allowed by default
[    4.482861] amd_nb: Cannot enumerate AMD northbridges
[    4.491492] clocksource: Switched to clocksource kvm-clock
[    4.554834] AppArmor: AppArmor Filesystem Enabled
[    4.564186] pnp: PnP ACPI init
[    4.573762] pnp: PnP ACPI: found 3 devices
[    4.593526] clocksource: acpi_pm: mask: 0xffffff max_cycles: 0xffffff, max_idle_ns: 2085701024 ns
[    4.613783] NET: Registered protocol family 2
[    4.622933] TCP established hash table entries: 8192 (order: 4, 65536 bytes)
[    4.636845] TCP bind hash table entries: 8192 (order: 5, 131072 bytes)
[    4.650221] TCP: Hash tables configured (established 8192 bind 8192)
[    4.662600] UDP hash table entries: 512 (order: 2, 16384 bytes)
[    4.672754] UDP-Lite hash table entries: 512 (order: 2, 16384 bytes)
[    4.683490] NET: Registered protocol family 1
[    4.690760] pci 0000:00:00.0: Limiting direct PCI/PCI transfers
[    4.699753] pci 0000:00:01.0: Activating ISA DMA hang workarounds
[    4.709521] Unpacking initramfs...
[    5.303291] Freeing initrd memory: 14888K
[    5.312125] clocksource: tsc: mask: 0xffffffffffffffff max_cycles: 0x229835b7123, max_idle_ns: 440795242976 ns
[    5.328044] platform rtc_cmos: registered platform RTC device (no PNP device found)
[    5.343127] Scanning for low memory corruption every 60 seconds
[    5.356870] audit: initializing netlink subsys (disabled)
[    5.367552] audit: type=2000 audit(1678228605.903:1): initialized
[    5.379016] Initialise system trusted keyring
[    5.387067] HugeTLB registered 2 MB page size, pre-allocated 0 pages
[    5.401262] zbud: loaded
[    5.407228] VFS: Disk quotas dquot_6.6.0
[    5.414115] VFS: Dquot-cache hash table entries: 512 (order 0, 4096 bytes)
[    5.426158] squashfs: version 4.0 (2009/01/31) Phillip Lougher
[    5.437882] fuse init (API version 7.23)
[    5.446217] Key type big_key registered
[    5.452413] Allocating IMA MOK and blacklist keyrings.
[    5.463823] Key type asymmetric registered
[    5.470223] Asymmetric key parser 'x509' registered
[    5.479368] Block layer SCSI generic (bsg) driver version 0.4 loaded (major 249)
[    5.491437] io scheduler noop registered
[    5.499852] io scheduler deadline registered (default)
[    5.509883] io scheduler cfq registered
[    5.518146] pci_hotplug: PCI Hot Plug PCI Core version: 0.5
[    5.529390] pciehp: PCI Express Hot Plug Controller Driver version: 0.4
[    5.540399] ACPI: AC Adapter [AC] (on-line)
[    5.549671] input: Power Button as /devices/LNXSYSTM:00/LNXPWRBN:00/input/input0
[    5.563170] ACPI: Power Button [PWRF]
[    5.570130] input: Sleep Button as /devices/LNXSYSTM:00/LNXSLPBN:00/input/input1
[    5.584026] ACPI: Sleep Button [SLPF]
[    5.593555] ACPI: Battery Slot [BAT0] (battery present)
[    5.602962] GHES: HEST is not enabled!
[    5.611907] Serial: 8250/16550 driver, 32 ports, IRQ sharing enabled
[    5.664467] 00:02: ttyS0 at I/O 0x3f8 (irq = 4, base_baud = 115200) is a 16550A
[    5.681929] Linux agpgart interface v0.103
[    5.698906] loop: module loaded
[    5.708260] scsi host0: ata_piix
[    5.715573] scsi host1: ata_piix
[    5.722247] ata1: PATA max UDMA/33 cmd 0x1f0 ctl 0x3f6 bmdma 0xd000 irq 14
[    5.734942] ata2: PATA max UDMA/33 cmd 0x170 ctl 0x376 bmdma 0xd008 irq 15
[    5.753602] libphy: Fixed MDIO Bus: probed
[    5.760183] tun: Universal TUN/TAP device driver, 1.6
[    5.769282] tun: (C) 1999-2004 Max Krasnyansky <maxk@qualcomm.com>
[    5.783192] PPP generic driver version 2.4.2
[    5.790374] ehci_hcd: USB 2.0 'Enhanced' Host Controller (EHCI) Driver
[    5.804657] ehci-pci: EHCI PCI platform driver
[    5.813843] ehci-platform: EHCI generic platform driver
[    5.825201] ohci_hcd: USB 1.1 'Open' Host Controller (OHCI) Driver
[    5.836493] ohci-pci: OHCI PCI platform driver
[    5.845534] ohci-platform: OHCI generic platform driver
[    5.856849] uhci_hcd: USB Universal Host Controller Interface driver
[    5.869191] i8042: PNP: PS/2 Controller [PNP0303:PS2K,PNP0f03:PS2M] at 0x60,0x64 irq 1,12
[    5.890642] serio: i8042 KBD port at 0x60,0x64 irq 1
[    5.899612] serio: i8042 AUX port at 0x60,0x64 irq 12
[    6.001302] mousedev: PS/2 mouse device common for all mice
[    6.015512] input: AT Translated Set 2 keyboard as /devices/platform/i8042/serio0/input/input2
[    6.032528] rtc_cmos rtc_cmos: rtc core: registered rtc_cmos as rtc0
[    6.046290] rtc_cmos rtc_cmos: alarms up to one day, 114 bytes nvram
[    6.056754] i2c /dev entries driver
[    6.062922] device-mapper: uevent: version 1.0.3
[    6.070314] device-mapper: ioctl: 4.34.0-ioctl (2015-10-28) initialised: dm-devel@redhat.com
[    6.087513] ledtrig-cpu: registered to indicate activity on CPUs
[    6.100862] NET: Registered protocol family 10
[    6.109082] NET: Registered protocol family 17
[    6.116571] Key type dns_resolver registered
[    6.124429] registered taskstats version 1
[    6.131384] Loading compiled-in X.509 certificates
[    6.140181] Loaded X.509 cert 'Build time autogenerated kernel key: cf00e047681d67edb2720680708b7d9498083038'
[    6.155912] zswap: loaded using pool lzo/zbud
[    6.167211] Key type trusted registered
[    6.179414] Key type encrypted registered
[    6.186573] AppArmor: AppArmor sha1 policy hashing enabled
[    6.196747] ima: No TPM chip found, activating TPM-bypass!
[    6.205488] ima: Allocated hash algorithm: sha1
[    6.214126] evm: HMAC attrs: 0x1
[    6.221743]   Magic number: 15:422:653
[    6.229577] rtc_cmos rtc_cmos: setting system clock to 2023-03-07 22:36:44 UTC (1678228604)
[    6.243060] BIOS EDD facility v0.16 2004-Jun-25, 0 devices found
[    6.253294] EDD information not available.
[    6.263983] Freeing unused kernel memory: 1492K
[    6.271680] Write protecting the kernel read-only data: 14336k
[    6.281682] Freeing unused kernel memory: 1584K
[    6.290747] Freeing unused kernel memory: 52K
Loading, please wait...
starting version 229
[    6.326467] random: udevadm: uninitialized urandom read (16 bytes read, 9 bits of entropy available)
[    6.343640] random: systemd-udevd: uninitialized urandom read (16 bytes read, 9 bits of entropy available)
[    6.360345] random: systemd-udevd: uninitialized urandom read (16 bytes read, 9 bits of entropy available)
[    6.377590] random: udevadm: uninitialized urandom read (16 bytes read, 9 bits of entropy available)
[    6.405733] random: systemd-udevd: uninitialized urandom read (16 bytes read, 9 bits of entropy available)
[    6.426084] random: udevadm: uninitialized urandom read (16 bytes read, 9 bits of entropy available)
[    6.441859] random: systemd-udevd: uninitialized urandom read (16 bytes read, 9 bits of entropy available)
[    6.459771] random: systemd-udevd: uninitialized urandom read (16 bytes read, 9 bits of entropy available)
[    6.475404] random: udevadm: uninitialized urandom read (16 bytes read, 9 bits of entropy available)
[    6.491181] random: udevadm: uninitialized urandom read (16 bytes read, 9 bits of entropy available)
[    6.634667] Fusion MPT base driver 3.04.20
[    6.643061] Copyright (c) 1999-2008 LSI Corporation
[    6.681970] e1000: Intel(R) PRO/1000 Network Driver - version 7.3.21-k8-NAPI
[    6.695565] e1000: Copyright (c) 1999-2006 Intel Corporation.
[    6.761851] SSE version of gcm_enc/dec engaged.
[    6.807979] Fusion MPT SPI Host driver 3.04.20
[    7.045861] input: ImExPS/2 Generic Explorer Mouse as /devices/platform/i8042/serio1/input/input4
[    7.870749] e1000 0000:00:03.0 eth0: (PCI:33MHz:32-bit) 02:be:82:6b:cc:1d
[    7.884819] e1000 0000:00:03.0 eth0: Intel(R) PRO/1000 Network Connection
[    7.898758] mptbase: ioc0: Initiating bringup
[    7.983760] ioc0: LSI53C1030 A0: Capabilities={Initiator}
[    8.181311] scsi host2: ioc0: LSI53C1030 A0, FwRev=00000000h, Ports=1, MaxQ=256, IRQ=20
[    8.313539] scsi 2:0:0:0: Direct-Access     VBOX     HARDDISK         1.0  PQ: 0 ANSI: 5
[    8.328429] scsi target2:0:0: Beginning Domain Validation
[    8.352456] scsi target2:0:0: Domain Validation skipping write tests
[    8.365353] scsi target2:0:0: Ending Domain Validation
[    8.399439] scsi target2:0:0: asynchronous
[    8.462013] scsi 2:0:1:0: Direct-Access     VBOX     HARDDISK         1.0  PQ: 0 ANSI: 5
[    8.492751] scsi target2:0:1: Beginning Domain Validation
[    8.581059] scsi target2:0:1: Domain Validation skipping write tests
[    8.593407] scsi target2:0:1: Ending Domain Validation
[    8.619351] scsi target2:0:1: asynchronous
[    8.865927] sd 2:0:0:0: [sda] 83886080 512-byte logical blocks: (42.9 GB/40.0 GiB)
[    8.878515] sd 2:0:0:0: Attached scsi generic sg0 type 0
[    8.900273] sd 2:0:1:0: [sdb] 20480 512-byte logical blocks: (10.5 MB/10.0 MiB)
[    8.911724] sd 2:0:1:0: Attached scsi generic sg1 type 0
[    8.932729] sd 2:0:0:0: [sda] Write Protect is off
[    8.942389] sd 2:0:1:0: [sdb] Write Protect is off
[    8.963086] sd 2:0:0:0: [sda] Incomplete mode parameter data
[    8.973180] sd 2:0:0:0: [sda] Assuming drive cache: write through
[    8.983553] sd 2:0:1:0: [sdb] Incomplete mode parameter data
[    8.998313] sd 2:0:1:0: [sdb] Assuming drive cache: write through
[    9.053243]  sda: sda1
[    9.066791] sd 2:0:0:0: [sda] Attached SCSI disk
[    9.082422] sd 2:0:1:0: [sdb] Attached SCSI disk
[    9.661407] e1000 0000:00:08.0 eth1: (PCI:33MHz:32-bit) 08:00:27:18:2e:9a
[    9.673379] e1000 0000:00:08.0 eth1: Intel(R) PRO/1000 Network Connection
[    9.688644] e1000 0000:00:08.0 enp0s8: renamed from eth1
[    9.701679] e1000 0000:00:03.0 enp0s3: renamed from eth0
Begin: Loading essential drivers ... [   11.956082] md: linear personality registered for level -1
[   11.971310] md: multipath personality registered for level -4
[   11.987169] md: raid0 personality registered for level 0
[   12.010480] md: raid1 personality registered for level 1
[   12.104317] raid6: sse2x1   gen()  5809 MB/s
[   12.187731] raid6: sse2x1   xor()  5260 MB/s
[   12.271713] raid6: sse2x2   gen()  9270 MB/s
[   12.355829] raid6: sse2x2   xor()  6211 MB/s
[   12.440162] raid6: sse2x4   gen() 10357 MB/s
[   12.516291] raid6: sse2x4   xor()  5842 MB/s
[   12.526025] raid6: using algorithm sse2x4 gen() 10357 MB/s
[   12.538645] raid6: .... xor() 5842 MB/s, rmw enabled
[   12.550899] raid6: using ssse3x2 recovery algorithm
[   12.567992] xor: measuring software checksum speed
[   12.683989]    prefetch64-sse: 29271.000 MB/sec
[   12.811754]    generic_sse: 21530.000 MB/sec
[   12.820046] xor: using function: prefetch64-sse (29271.000 MB/sec)
[   12.840032] async_tx: api initialized (async)
[   12.914590] md: raid6 personality registered for level 6
[   12.926063] md: raid5 personality registered for level 5
[   12.935670] md: raid4 personality registered for level 4
[   12.981435] md: raid10 personality registered for level 10
done.
Begin: Running /scripts/init-premount ... done.
Begin: Mounting root file system ... Begin: Running /scripts/local-top ... done.
Begin: Running /scripts/local-premount ... [   13.212681] Btrfs loaded
Scanning for Btrfs filesystems
done.
Warning: fsck not present, so skipping root file system
[   13.358078] EXT4-fs (sda1): mounted filesystem with ordered data mode. Opts: (null)
done.
Begin: Running /scripts/local-bottom ... done.
Begin: Running /scripts/init-bottom ... done.
[   13.662773] systemd[1]: systemd 229 running in system mode. (+PAM +AUDIT +SELINUX +IMA +APPARMOR +SMACK +SYSVINIT +UTMP +LIBCRYPTSETUP +GCRYPT +GNUTLS +ACL +XZ -LZ4 +SECCOMP +BLKID +ELFUTILS +KMOD -IDN)
[   13.694828] systemd[1]: Detected virtualization oracle.
[   13.704134] systemd[1]: Detected architecture x86-64.

Welcome to [1mUbuntu 16.04.7 LTS[0m!

[   13.743135] systemd[1]: Set hostname to <ubuntu>.
[   13.767524] systemd[1]: Initializing machine ID from random generator.
[   13.779571] systemd[1]: Installed transient /etc/machine-id file.
[   14.025946] random: nonblocking pool is initialized
[   14.257167] systemd[1]: Listening on udev Kernel Socket.
[[0;32m  OK  [0m] Listening on udev Kernel Socket.
[   14.281889] systemd[1]: Listening on Device-mapper event daemon FIFOs.
[[0;32m  OK  [0m] Listening on Device-mapper event daemon FIFOs.
[   14.306389] systemd[1]: Reached target System Time Synchronized.
[[0;32m  OK  [0m] Reached target System Time Synchronized.
[   14.329525] systemd[1]: Reached target Swap.
[[0;32m  OK  [0m] Reached target Swap.
[   14.350045] systemd[1]: Listening on /dev/initctl Compatibility Named Pipe.
[[0;32m  OK  [0m] Listening on /dev/initctl Compatibility Named Pipe.
[   14.377048] systemd[1]: Listening on Journal Socket (/dev/log).
[[0;32m  OK  [0m] Listening on Journal Socket (/dev/log).
[   14.400675] systemd[1]: Listening on fsck to fsckd communication Socket.
[[0;32m  OK  [0m] Listening on fsck to fsckd communication Socket.
[   14.427777] systemd[1]: Created slice User and Session Slice.
[[0;32m  OK  [0m] Created slice User and Session Slice.
[   14.453851] systemd[1]: Listening on Journal Audit Socket.
[[0;32m  OK  [0m] Listening on Journal Audit Socket.
[   14.476752] systemd[1]: Listening on LVM2 poll daemon socket.
[[0;32m  OK  [0m] Listening on LVM2 poll daemon socket.
[   14.498553] systemd[1]: Set up automount Arbitrary Executable File Formats File System Automount Point.
[[0;32m  OK  [0m] Set up automount Arbitrary Executab...ats File System Automount Point.
[   14.528666] systemd[1]: Created slice System Slice.
[[0;32m  OK  [0m] Created slice System Slice.
[   14.548369] systemd[1]: Reached target Slices.
[[0;32m  OK  [0m] Reached target Slices.
[   14.569814] systemd[1]: Created slice system-serial\x2dgetty.slice.
[[0;32m  OK  [0m] Created slice system-serial\x2dgetty.slice.
[   14.594440] systemd[1]: Reached target User and Group Name Lookups.
[[0;32m  OK  [0m] Reached target User and Group Name Lookups.
[   14.617927] systemd[1]: Listening on udev Control Socket.
[[0;32m  OK  [0m] Listening on udev Control Socket.
[   14.636816] systemd[1]: Reached target Encrypted Volumes.
[[0;32m  OK  [0m] Reached target Encrypted Volumes.
[   14.655379] systemd[1]: Listening on Journal Socket.
[[0;32m  OK  [0m] Listening on Journal Socket.
[   14.674019] systemd[1]: Mounting POSIX Message Queue File System...
         Mounting POSIX Message Queue File System...
[   14.704530] systemd[1]: Mounting Debug File System...
         Mounting Debug File System...
[   14.728819] systemd[1]: Starting Set console keymap...
         Starting Set console keymap...
[   14.766413] systemd[1]: Starting Create list of required static device nodes for the current kernel...
         Starting Create list of required st... nodes for the current kernel...
[   14.824061] systemd[1]: Starting File System Check on Root Device...
         Starting File System Check on Root Device...
[   14.863186] systemd[1]: Mounting Huge Pages File System...
         Mounting Huge Pages File System...
[   14.917421] systemd[1]: Starting Nameserver information manager...
         Starting Nameserver information manager...
[   14.961164] systemd[1]: Listening on Syslog Socket.
[[0;32m  OK  [0m] Listening on Syslog Socket.
[   14.980098] systemd[1]: Starting Journal Service...
         Starting Journal Service...
[   15.009618] systemd[1]: Started Trigger resolvconf update for networkd DNS.
[[0;32m  OK  [0m] Started Trigger resolvconf update for networkd DNS.
[   15.049567] systemd[1]: Listening on LVM2 metadata daemon socket.
[[0;32m  OK  [0m] Listening on LVM2 metadata daemon socket.
[   15.071220] systemd[1]: Starting Monitoring of LVM2 mirrors, snapshots etc. using dmeventd or progress polling...
         Starting Monitoring of LVM2 mirrors... dmeventd or progress polling...
[   15.128607] systemd[1]: Started Forward Password Requests to Wall Directory Watch.
[[0;32m  OK  [0m] Started Forward Password Requests to Wall Directory Watch.
[   15.163756] systemd[1]: Starting Load Kernel Modules...
         Starting Load Kernel Modules...
[   15.199027] systemd[1]: Starting Uncomplicated firewall...
         Starting Uncomplicated firewall...
[   15.241144] systemd[1]: Mounted Huge Pages File System.
[   15.250861] Loading iSCSI transport class v2.0-870.
[[0;32m  OK  [0m] Mounted Huge Pages File System.
[   15.278549] systemd[1]: Mounted POSIX Message Queue File System.
[   15.295041] iscsi: registered transport (tcp)
[[0;32m  OK  [0m] Mounted POSIX Message Queue File System.
[   15.318088] systemd[1]: Mounted Debug File System.
[[0;32m  OK  [0m] Mounted Debug File System.
[   15.350846] systemd[1]: Started Journal Service.
[[0;32m  OK  [0m] Started Journal Service.
[[0;32m  OK  [0m] Started Set console keymap.
[[0;32m  OK  [0m] Started Create list of required sta...ce nodes for the current kernel.
[   15.445012] iscsi: registered transport (iser)
[[0;32m  OK  [0m] Started File System Check on Root Device.
[[0;32m  OK  [0m] Started Load Kernel Modules.
[[0;32m  OK  [0m] Started Uncomplicated firewall.
[[0;32m  OK  [0m] Started Nameserver information manager.
[[0;32m  OK  [0m] Started File System Check Daemon to report status.
[[0;32m  OK  [0m] Started LVM2 metadata daemon.
         Mounting FUSE Control File System...
         Starting Apply Kernel Variables...
         Starting Remount Root and Kernel File Systems...
         Starting Create Static Device Nodes in /dev...
[[0;32m  OK  [0m] Mounted FUSE Control File System.
[[0;32m  OK  [0m] Started Apply Kernel Variables.
[[0;32m  OK  [0m] Started Remount Root and Kernel File Systems.
[[0;32m  OK  [0m] Started Create Static Device Nodes in /dev.
         Starting udev Kernel Device Manager...
         Starting Flush Journal to Persistent Storage...
         Starting Load/Save Random Seed...
         Starting udev Coldplug all Devices...
[[0;32m  OK  [0m] Started Load/Save Random Seed.
[[0;32m  OK  [0m] Started Flush Journal to Persistent Storage.
[[0;32m  OK  [0m] Started Monitoring of LVM2 mirrors,...ng dmeventd or progress polling.
[[0;32m  OK  [0m] Started udev Kernel Device Manager.
[[0;32m  OK  [0m] Reached target Local File Systems (Pre).
[[0;32m  OK  [0m] Reached target Local File Systems.
         Starting Set console font and keymap...
         Starting Commit a transient machine-id on disk...
         Starting LSB: AppArmor initialization...
         Starting Initial cloud-init job (pre-networking)...
         Starting Tell Plymouth To Write Out Runtime Data...
         Starting Create Volatile Files and Directories...
[[0;32m  OK  [0m] Started Commit a transient machine-id on disk.
[[0;32m  OK  [0m] Started Tell Plymouth To Write Out Runtime Data.
[[0;32m  OK  [0m] Started Create Volatile Files and Directories.
         Starting Update UTMP about System Boot/Shutdown...
[[0;32m  OK  [0m] Started Update UTMP about System Boot/Shutdown.
[[0;32m  OK  [0m] Started udev Coldplug all Devices.
[[0;32m  OK  [0m] Started Dispatch Password Requests to Console Directory Watch.
[[0;32m  OK  [0m] Found device /dev/ttyS0.
[[0;32m  OK  [0m] Listening on Load/Save RF Kill Switch Status /dev/rfkill Watch.
[[0;32m  OK  [0m] [   18.878760] cloud-initStarted LSB: AppArmor initialization.
[508]: Cloud-init v. 21.1-19-gbad84ad4-0ubuntu1~16.04.2 running 'init-local' at Tue, 07 Mar 2023 22:36:59 +0000. Up 17.75 seconds.
         Starting Load AppArmor profiles managed internally by snapd...
[[0;32m  OK  [0m] Started Initial cloud-init job (pre-networking).
[[0;32m  OK  [0m] Started Load AppArmor profiles managed internally by snapd.
[[0;32m  OK  [0m] Reached target Network (Pre).
         Starting Raise network interfaces...
[[0;32m  OK  [0m] Started Set console font and keymap.
[[0;32m  OK  [0m] Created slice system-getty.slice.
[[0;32m  OK  [0m] Started Raise network interfaces.
[[0;32m  OK  [0m] Reached target Network.
         Starting Initial cloud-init job (metadata service crawler)...
[   22.879704] cloud-init[974]: Cloud-init v. 21.1-19-gbad84ad4-0ubuntu1~16.04.2 running 'init' at Tue, 07 Mar 2023 22:37:03 +0000. Up 21.71 seconds.
[   22.916906] cloud-init[974]: ci-info: ++++++++++++++++++++++++++++++++++++++Net device info+++++++++++++++++++++++++++++++++++++++
[   22.953268] cloud-init[974]: ci-info: +--------+-------+----------------------------+---------------+--------+-------------------+
[   22.983037] cloud-init[974]: ci-info: | Device |   Up  |          Address           |      Mask     | Scope  |     Hw-Address    |
[[0;32m  OK  [0m[   23.007591] ] Started Initial cloud-init job (metadata service crawler).cloud-init[974]: ci-info: +--------+-------+----------------------------+---------------+--------+-------------------+
[[0;32m  OK  [0m
] Reached target Network is Online.[   23.049188] cloud-init
         [974]: ci-info: | enp0s3 |  True |         10.0.2.15          | 255.255.255.0 | global | 02:be:82:6b:cc:1d |Starting iSCSI initiator daemon (iscsid)...
[[0;32m  OK  [0m] Reached target Cloud-config availability.
[   23.078666] 
[[0;32m  OK  [0mcloud-init[974]: ] Reached target System Initialization.ci-info: | enp0s3 |  True | fe80::be:82ff:fe6b:cc1d/64 |       .       |  link  | 02:be:82:6b:cc:1d |
[[0;32m  OK  [0m] 
Started ACPI Events Check.
[[   23.121415] [0;32m  OK  [0mcloud-init] Reached target Paths.[974]: ci-info: | enp0s8 | False |             .              |       .       |   .    | 08:00:27:18:2e:9a |
[[0;32m  OK  [0m
[   23.150422] ] Started Daily apt download activities.cloud-init[974]: 
[ci-info: |   lo   |  True |         127.0.0.1          |   255.0.0.0   |  host  |         .         |[0;32m  OK  [0m] Started Daily Cleanup of Temporary Directories.
[   23.181269] cloud-init
[[0;32m  OK  [0m[974]: ci-info: |   lo   |  True |          ::1/128           |       .       |  host  |         .         |] Listening on D-Bus System Message Bus Socket.
[[0;32m  OK  [0m
[   23.210247] ] Started Ubuntu Advantage update messaging.cloud-init
[[0;32m  OK  [0m[974]: ci-info: +--------+-------+----------------------------+---------------+--------+-------------------+] Listening on UUID daemon activation socket.
[[0;32m  OK  [0m
[   23.242383] cloud-init] Started Daily apt upgrade and clean activities.[974]: ci-info: +++++++++++++++++++++++++++Route IPv4 info++++++++++++++++++++++++++++
[[0;32m  OK  [0m
[   23.262386] cloud-init] Started Message of the Day.[974]: ci-info: +-------+-------------+----------+---------------+-----------+-------+
         Starting Socket activation for snappy daemon.

[   23.282470] cloud-init[[0;32m  OK  [0m[974]: ci-info: | Route | Destination | Gateway  |    Genmask    | Interface | Flags |] Reached target Timers.
[[0;32m  OK  [0m] Listening on ACPID Listen Socket.
[   23.308016] cloud-init[974]: 
ci-info: +-------+-------------+----------+---------------+-----------+-------+         Starting LXD - unix socket.

[   23.326382] cloud-init[[0;32m  OK  [0m[974]: ci-info: |   0   |   0.0.0.0   | 10.0.2.2 |    0.0.0.0    |   enp0s3  |   UG  |] Listening on Socket activation for snappy daemon.
[   23.347617] 
[[0;32m  OK  [0mcloud-init[974]: ] Listening on LXD - unix socket.ci-info: |   1   |   10.0.2.0  | 0.0.0.0  | 255.255.255.0 |   enp0s3  |   U   |
[[0;32m  OK  [0m] Reached target Sockets.

[[0;32m  OK  [0m[   23.386903] cloud-init[974]: ] Reached target Basic System.
ci-info: +-------+-------------+----------+---------------+-----------+-------+
[[   23.405905] cloud-init[0;32m  OK  [0m] Started Regular background program processing daemon.[974]: ci-info: +++++++++++++++++++Route IPv6 info+++++++++++++++++++
         Starting LSB: Record successful boot for GRUB...
[
[   23.447324] [0;32m  OK  [0m] Started FUSE filesystem for LXC.
[cloud-init[0;32m  OK  [0m] Started D-Bus System Message Bus.[974]: 
ci-info: +-------+-------------+---------+-----------+-------+
[   23.515244] cloud-init[974]: ci-info: | Route | Destination | Gateway | Interface | Flags |
[   23.538841] cloud-init[974]: ci-info: +-------+-------------+---------+-----------+-------+
[   23.561063] cloud-init[974]: ci-info: |   0   |  fe80::/64  |    ::   |   enp0s3  |   U   |
[   23.597250] cloud-init[974]: ci-info: |   3   |   ff00::/8  |    ::   |   enp0s3  |   U   |         Starting LSB: MD monitoring daemon...
         
[   23.615345] Starting Accounts Service...cloud-init
         [974]: Starting LXD - container startup/shutdown...
ci-info: +-------+-------------+---------+-----------+-------+         Starting /etc/rc.local Compatibility...

         Starting Snap Daemon...
[   23.749883] cloud-init[[0;32m  OK  [0m] Started ACPI event daemon.
[[974]: [0;32m  OK  [0m] Started Deferred execution scheduler.
         Generating public/private rsa key pair.Starting Pollinate to seed the pseudo random number generator...
         Starting Login Service...
         Starting Virtualbox guest utils...
         
Starting System Logging Service...
[[0;32m  OK  [0m[   23.923538] ] Started iSCSI initiator daemon (iscsid).
[[0;32m  OK  [0m] Started /etc/rc.local Compatibility.
cloud-init         Starting Login to default iSCSI targets...
[974]: Your identification has been saved in /etc/ssh/ssh_host_rsa_key.[[0;32m  OK  [0m] Started Login Service.
[[0;32m  OK  [0m] Started Unattended Upgrades Shutdown.

[[0;32m  OK  [0m] Started LSB: Record successful boot for GRUB.
[[0;32m  OK  [0m[   24.190371] cloud-init] Started Login to default iSCSI targets.
[[0;32m  OK  [0m] Reached target Remote File Systems (Pre).
[[0;32m  OK  [0m] Reached target Remote File Systems.
         Starting LSB: daemon to balance interrupts for SMP systems...
         Starting Permit User Sessions...
         Starting LSB: automatic crash report generation...[974]: 
         Starting LSB: Set the CPU Frequency Scaling governor to "ondemand"...
[[0;32m  OK  [0m] Started System Logging Service.
[[0;32m  OK  [0mYour public key has been saved in /etc/ssh/ssh_host_rsa_key.pub.] Started LSB: MD monitoring daemon.
[[0;32m  OK  [0m] Started Permit User Sessions.
         Starting Terminate Plymouth Boot Screen...
         Starting Hold until boot process finishes up...
[[0;32m  OK  [0m
] Started Terminate Plymouth Boot Screen.
[[0;32m  OK  [0m] Started Hold until boot process finishes up.
         Starting Set console scheme...
[[0;32m  OK  [0m] Started Serial Getty on ttyS0.
[   24.545782] cloud-init[[0;32m  OK  [0m] Started Getty on tty1.
[[0;32m  OK  [0m] Reached target Login Prompts.
         Starting Authenticate and Authorize Users to Run Privileged Tasks...
[974]: [[0;32m  OK  [0m] Started Set console scheme.
The key fingerprint is:[[0;32m  OK  [0m] Started LSB: Set the CPU Frequency Scaling governor to "ondemand".

[[0;32m  OK  [0m] Started LSB: daemon to balance interrupts for SMP systems.
[   24.703280] cloud-init[974]: SHA256:8K4ivDLnhZ0Yhn3NGDQtU3DnpMZ50EqHSuJD8cKo9Rw root@ubuntu-xenial[[0;32m  OK  [0m] Started Authenticate and Authorize Users to Run Privileged Tasks.

[[0;32m  OK  [0m] Started Accounts Service.
[   24.900138] cloud-init[974]: The key's randomart image is:
[[0;32m  OK  [0m] Started LSB: automatic crash report generation.
[   25.015044] cloud-init[974]: +---[RSA 2048]----+
[   25.133669] [[0;32m  OK  [0m] cloud-init[974]: |  ..+++oo        |Started LXD - container startup/shutdown.

[   25.224490] cloud-init[974]: | ooo+++Bo        |
[   25.285654] cloud-init[974]: |.o+oE=*oo        |
[   25.372658] cloud-init[974]: |.+o+.B.+         |
[[0;32m  OK  [0m] Started Virtualbox guest utils.
[   25.479509] cloud-init[974]: |o +.= o S        |
[   25.579336] cloud-init[974]: | . * . .         |
[   25.653649] cloud-init[974]: | .o +   .        |
[   25.729359] cloud-init[974]: |o +..  .         |
[   25.794661] cloud-init[974]: | =oo ..          |
[   25.820837] cloud-init[974]: +----[SHA256]-----+
[   25.879939] cloud-init[974]: Generating public/private dsa key pair.
[   25.965569] cloud-init[974]: Your identification has been saved in /etc/ssh/ssh_host_dsa_key.
[   26.072947] cloud-init[974]: Your public key has been saved in /etc/ssh/ssh_host_dsa_key.pub.
[   26.180482] cloud-init[974]: The key fingerprint is:
[   26.240744] cloud-init[974]: SHA256:x3I69cjYrSpJCip8NeczE1pEQfwW5zo3btfzxLTxjbQ root@ubuntu-xenial[[0;32m  OK  [0m] Started Pollinate to seed the pseudo random number generator.
         
Starting OpenBSD Secure Shell server...
[   26.348884] cloud-init[974]: The key's randomart image is:
[   26.417502] cloud-init[974]: +---[DSA 1024]----+
[[0;32m  OK  [0m[   26.486065] ] Started OpenBSD Secure Shell server.cloud-init
[974]: |      oo.        |
[   26.528892] cloud-init[974]: |       o . .     |
[   26.566722] cloud-init[974]: |      . . +      |
[   26.616409] cloud-init[974]: |       . + .     |
[   26.644447] cloud-init[974]: |      . S *   ...|
[[0;32m  OK  [0m] Started Snap Daemon.
[   26.695841]          Starting Wait until snapd is fully seeded...cloud-init[974]: 
|  .  o.+ % * . ==|
[   26.774324] cloud-init[974]: |.. ..o*.= B + E.=|
[   26.841331] cloud-init[974]: |o. ...o= . + . + |
[   26.888954] cloud-init[974]: |. .    .=.o .   +|
[   26.934725] cloud-init[974]: +----[SHA256]-----+
[   26.988672] cloud-init[974]: Generating public/private ecdsa key pair.
[   27.034821] cloud-init[974]: Your identification has been saved in /etc/ssh/ssh_host_ecdsa_key.
[   27.110215] cloud-init[974]: Your public key has been saved in /etc/ssh/ssh_host_ecdsa_key.pub.
[   27.157612] cloud-init[974]: The key fingerprint is:
[   27.237745] cloud-init[974]: SHA256:VmwvlZW5EQKRDDg155vHTw3dHbjUTpQhFGkuPjlAE5Q root@ubuntu-xenial
[   27.295844] cloud-init[974]: The key's randomart image is:
[   27.335613] cloud-init[974]: +---[ECDSA 256]---+
[   27.392770] cloud-init[974]: |       o==*+o+OBo|
[   27.434833] cloud-init[974]: |      o  Eo  O==+|
[[0;32m  OK  [0m] Created slice User Slice of vagrant.[   27.493361] cloud-init
[974]: |       .. * * =o+|         Starting User Manager for UID 1000...

[[0;32m  OK  [0m] Started Session 1 of user vagrant.[   27.570433] 
cloud-init[974]: |         + B o.+ |
[[0;32m  OK  [0m] Started User Manager for UID 1000.[   27.632233] 
cloud-init[974]: |        S * * . .|
[   27.680710] cloud-init[974]: |       .   B o   |
[   27.741878] cloud-init[974]: |            o .  |
[   27.810719] cloud-init[974]: |                 |
[   27.860469] cloud-init[974]: |                 |
[   27.925138] cloud-init[974]: +----[SHA256]-----+
[   27.972938] cloud-init[974]: Generating public/private ed25519 key pair.
[   28.047243] cloud-init[974]: Your identification has been saved in /etc/ssh/ssh_host_ed25519_key.
[   28.124640] cloud-init[974]: Your public key has been saved in /etc/ssh/ssh_host_ed25519_key.pub.
[   28.192915] cloud-init[974]: The key fingerprint is:
[   28.264614] cloud-init[974]: SHA256:VYb6ud5nUtx2E8DaRlh6iD6s6oG1a1vsJWv+kkW3ETQ root@ubuntu-xenial
[   28.324666] cloud-init[974]: The key's randomart image is:
[   28.375984] cloud-init[974]: +--[ED25519 256]--+
[   28.447669] cloud-init[974]: |          .E*.   |
[   28.514926] cloud-init[974]: |          o=++   |
[   28.577740] cloud-init[974]: |         o.o=..  |
[   28.632688] cloud-init[974]: |        +o +.o . |
[   28.717085] cloud-init[974]: |     .  S=..+. ..|
[   28.775064] cloud-init[974]: |    o o ..+.  o.+|
[   28.844515] cloud-init[974]: |   . o =o. . . .o|
[   28.895368] cloud-init[974]: |     .*++ ... o  |
[   28.972895] cloud-init[974]: |    o=++oo. .+   |
[   29.050791] cloud-init[974]: +----[SHA256]-----+

Ubuntu 16.04.7 LTS ubuntu-xenial ttyS0

ubuntu-xenial login: [   32.013728] cloud-init[1416]: Generating locales (this might take a while)...
[   35.814896] cloud-init[1416]:   en_US.UTF-8... done
[   35.865592] cloud-init[1416]: Generation complete.
[   36.728847] cloud-init[1416]: Cloud-init v. 21.1-19-gbad84ad4-0ubuntu1~16.04.2 running 'modules:config' at Tue, 07 Mar 2023 22:37:13 +0000. Up 31.69 seconds.
ci-info: no authorized SSH keys fingerprints found for user ubuntu.
<14>Mar  7 22:37:19 ec2: 
<14>Mar  7 22:37:19 ec2: #############################################################
<14>Mar  7 22:37:19 ec2: -----BEGIN SSH HOST KEY FINGERPRINTS-----
<14>Mar  7 22:37:19 ec2: 1024 SHA256:x3I69cjYrSpJCip8NeczE1pEQfwW5zo3btfzxLTxjbQ root@ubuntu-xenial (DSA)
<14>Mar  7 22:37:19 ec2: 256 SHA256:VmwvlZW5EQKRDDg155vHTw3dHbjUTpQhFGkuPjlAE5Q root@ubuntu-xenial (ECDSA)
<14>Mar  7 22:37:19 ec2: 256 SHA256:VYb6ud5nUtx2E8DaRlh6iD6s6oG1a1vsJWv+kkW3ETQ root@ubuntu-xenial (ED25519)
<14>Mar  7 22:37:19 ec2: 2048 SHA256:8K4ivDLnhZ0Yhn3NGDQtU3DnpMZ50EqHSuJD8cKo9Rw root@ubuntu-xenial (RSA)
<14>Mar  7 22:37:19 ec2: -----END SSH HOST KEY FINGERPRINTS-----
<14>Mar  7 22:37:19 ec2: #############################################################
-----BEGIN SSH HOST KEY KEYS-----
ecdsa-sha2-nistp256 AAAAE2VjZHNhLXNoYTItbmlzdHAyNTYAAAAIbmlzdHAyNTYAAABBBMQBDMzcQ50iqqoYjKiQ0xQDZ0V/xA8lWRs8fBDW0heaOzOtAsr4NyUrOjOX+PHXGuXi4jslI3t5Rd375Cl0JQM= root@ubuntu-xenial
ssh-ed25519 AAAAC3NzaC1lZDI1NTE5AAAAIK+0yxwo1ZSwEkJWKesGzkwBU4rL63w3B6vRV9bPm3OX root@ubuntu-xenial
ssh-rsa AAAAB3NzaC1yc2EAAAADAQABAAABAQCsEpQAAGwc9jgm5vPBlDXCBSwM1yL5ifhVxJEcLeaLJESHS84n/nd1IJ6TxzQPEB5w+w8TvXje6aOqbVVqkCm6sjqvpbTcxDsS5rTxJPWI98nC7evrUOgIiY35mjr2Q+cYPo4L4+IzRn6cFdNIZEcn5t4pAfAVxqhODNCiXFEaTycgmL6oJrSZZ69g+r3AlaBwV30XTn726CjELbjurckfUKQpwwrOXlIRVxpVPRUDjXMouOueyUIN4G1T27ddCBp3F02ocFpoK+JyJt/++mr3VjwDlMkBerGBeX8R+1yPze+86xiOlSWmnV4kSU5sOaHG7Knh3dMR6mJC3RsoIPiT root@ubuntu-xenial
-----END SSH HOST KEY KEYS-----
[   38.107237] cloud-init[1584]: Cloud-init v. 21.1-19-gbad84ad4-0ubuntu1~16.04.2 running 'modules:final' at Tue, 07 Mar 2023 22:37:18 +0000. Up 37.58 seconds.
[   38.146314] cloud-init[1584]: ci-info: no authorized SSH keys fingerprints found for user ubuntu.
[   38.170231] cloud-init[1584]: Cloud-init v. 21.1-19-gbad84ad4-0ubuntu1~16.04.2 finished at Tue, 07 Mar 2023 22:37:19 +0000. Datasource DataSourceNoCloud [seed=/dev/sdb][dsmode=net].  Up 38.09 seconds
